# JRE version: Java(TM) SE Runtime Environment (8.0_201-b09) (build 1.8.0_201-b09)
# Java VM: Java HotSpot(TM) 64-Bit Server VM (25.201-b09 mixed mode windows-amd64 compressed oops)
Heap:
 PSYoungGen      total 136192K, used 52464K [0x00000000d6100000, 0x00000000e7300000, 0x0000000100000000)
  eden space 131072K, 40% used [0x00000000d6100000,0x00000000d943c358,0x00000000de100000)
  from space 5120K, 0% used [0x00000000de100000,0x00000000de100000,0x00000000de600000)
  to   space 9216K, 0% used [0x00000000e6a00000,0x00000000e6a00000,0x00000000e7300000)
 ParOldGen       total 45056K, used 6293K [0x0000000082200000, 0x0000000084e00000, 0x00000000d6100000)
  object space 45056K, 13% used [0x0000000082200000,0x00000000828254e8,0x0000000084e00000)
 Metaspace       used 23997K, capacity 24640K, committed 24832K, reserved 1071104K
  class space    used 3023K, capacity 3221K, committed 3328K, reserved 1048576K
GC Heap History (10 events):
Event: 97.141 GC heap before
{Heap before GC invocations=2 (full 0):
 PSYoungGen      total 37888K, used 36316K [0x00000000d6100000, 0x00000000dab00000, 0x0000000100000000)
  eden space 32768K, 99% used [0x00000000d6100000,0x00000000d80f2470,0x00000000d8100000)
  from space 5120K, 70% used [0x00000000d8100000,0x00000000d8484bf0,0x00000000d8600000)
  to   space 5120K, 0% used [0x00000000da600000,0x00000000da600000,0x00000000dab00000)
 ParOldGen       total 86016K, used 16K [0x0000000082200000, 0x0000000087600000, 0x00000000d6100000)
  object space 86016K, 0% used [0x0000000082200000,0x0000000082204000,0x0000000087600000)
 Metaspace       used 8732K, capacity 8896K, committed 9088K, reserved 1056768K
  class space    used 960K, capacity 1028K, committed 1152K, reserved 1048576K
Event: 98.014 GC heap after
Heap after GC invocations=2 (full 0):
 PSYoungGen      total 70656K, used 2832K [0x00000000d6100000, 0x00000000dab00000, 0x0000000100000000)
  eden space 65536K, 0% used [0x00000000d6100000,0x00000000d6100000,0x00000000da100000)
  from space 5120K, 55% used [0x00000000da600000,0x00000000da8c43e0,0x00000000dab00000)
  to   space 5120K, 0% used [0x00000000da100000,0x00000000da100000,0x00000000da600000)
 ParOldGen       total 86016K, used 24K [0x0000000082200000, 0x0000000087600000, 0x00000000d6100000)
  object space 86016K, 0% used [0x0000000082200000,0x0000000082206000,0x0000000087600000)
 Metaspace       used 8732K, capacity 8896K, committed 9088K, reserved 1056768K
  class space    used 960K, capacity 1028K, committed 1152K, reserved 1048576K
}
Event: 144.773 GC heap before
{Heap before GC invocations=3 (full 0):
 PSYoungGen      total 70656K, used 68368K [0x00000000d6100000, 0x00000000dab00000, 0x0000000100000000)
  eden space 65536K, 100% used [0x00000000d6100000,0x00000000da100000,0x00000000da100000)
  from space 5120K, 55% used [0x00000000da600000,0x00000000da8c43e0,0x00000000dab00000)
  to   space 5120K, 0% used [0x00000000da100000,0x00000000da100000,0x00000000da600000)
 ParOldGen       total 86016K, used 24K [0x0000000082200000, 0x0000000087600000, 0x00000000d6100000)
  object space 86016K, 0% used [0x0000000082200000,0x0000000082206000,0x0000000087600000)
 Metaspace       used 13413K, capacity 13724K, committed 13824K, reserved 1060864K
  class space    used 1616K, capacity 1725K, committed 1792K, reserved 1048576K
Event: 145.616 GC heap after
Heap after GC invocations=3 (full 0):
 PSYoungGen      total 70656K, used 5101K [0x00000000d6100000, 0x00000000deb00000, 0x0000000100000000)
  eden space 65536K, 0% used [0x00000000d6100000,0x00000000d6100000,0x00000000da100000)
  from space 5120K, 99% used [0x00000000da100000,0x00000000da5fb628,0x00000000da600000)
  to   space 5120K, 0% used [0x00000000de600000,0x00000000de600000,0x00000000deb00000)
 ParOldGen       total 86016K, used 873K [0x0000000082200000, 0x0000000087600000, 0x00000000d6100000)
  object space 86016K, 1% used [0x0000000082200000,0x00000000822da4c8,0x0000000087600000)
 Metaspace       used 13413K, capacity 13724K, committed 13824K, reserved 1060864K
  class space    used 1616K, capacity 1725K, committed 1792K, reserved 1048576K
}
Event: 156.491 GC heap before
{Heap before GC invocations=4 (full 0):
 PSYoungGen      total 70656K, used 70637K [0x00000000d6100000, 0x00000000deb00000, 0x0000000100000000)
  eden space 65536K, 100% used [0x00000000d6100000,0x00000000da100000,0x00000000da100000)
  from space 5120K, 99% used [0x00000000da100000,0x00000000da5fb628,0x00000000da600000)
  to   space 5120K, 0% used [0x00000000de600000,0x00000000de600000,0x00000000deb00000)
 ParOldGen       total 86016K, used 873K [0x0000000082200000, 0x0000000087600000, 0x00000000d6100000)
  object space 86016K, 1% used [0x0000000082200000,0x00000000822da4c8,0x0000000087600000)
 Metaspace       used 17204K, capacity 17604K, committed 17920K, reserved 1064960K
  class space    used 2088K, capacity 2229K, committed 2304K, reserved 1048576K
Event: 157.473 GC heap after
Heap after GC invocations=4 (full 0):
 PSYoungGen      total 136192K, used 5119K [0x00000000d6100000, 0x00000000deb00000, 0x0000000100000000)
  eden space 131072K, 0% used [0x00000000d6100000,0x00000000d6100000,0x00000000de100000)
  from space 5120K, 99% used [0x00000000de600000,0x00000000deaffc88,0x00000000deb00000)
  to   space 5120K, 0% used [0x00000000de100000,0x00000000de100000,0x00000000de600000)
 ParOldGen       total 86016K, used 3285K [0x0000000082200000, 0x0000000087600000, 0x00000000d6100000)
  object space 86016K, 3% used [0x0000000082200000,0x0000000082535570,0x0000000087600000)
 Metaspace       used 17204K, capacity 17604K, committed 17920K, reserved 1064960K
  class space    used 2088K, capacity 2229K, committed 2304K, reserved 1048576K
}
Event: 249.650 GC heap before
{Heap before GC invocations=5 (full 0):
 PSYoungGen      total 136192K, used 36326K [0x00000000d6100000, 0x00000000deb00000, 0x0000000100000000)
  eden space 131072K, 23% used [0x00000000d6100000,0x00000000d7f79c70,0x00000000de100000)
  from space 5120K, 99% used [0x00000000de600000,0x00000000deaffc88,0x00000000deb00000)
  to   space 5120K, 0% used [0x00000000de100000,0x00000000de100000,0x00000000de600000)
 ParOldGen       total 86016K, used 3285K [0x0000000082200000, 0x0000000087600000, 0x00000000d6100000)
  object space 86016K, 3% used [0x0000000082200000,0x0000000082535570,0x0000000087600000)
 Metaspace       used 20618K, capacity 21092K, committed 21248K, reserved 1067008K
  class space    used 2566K, capacity 2707K, committed 2816K, reserved 1048576K
Event: 251.169 GC heap after
Heap after GC invocations=5 (full 0):
 PSYoungGen      total 136192K, used 5089K [0x00000000d6100000, 0x00000000e7300000, 0x0000000100000000)
  eden space 131072K, 0% used [0x00000000d6100000,0x00000000d6100000,0x00000000de100000)
  from space 5120K, 99% used [0x00000000de100000,0x00000000de5f87e8,0x00000000de600000)
  to   space 9216K, 0% used [0x00000000e6a00000,0x00000000e6a00000,0x00000000e7300000)
 ParOldGen       total 86016K, used 4656K [0x0000000082200000, 0x0000000087600000, 0x00000000d6100000)
  object space 86016K, 5% used [0x0000000082200000,0x000000008268c3e0,0x0000000087600000)
 Metaspace       used 20618K, capacity 21092K, committed 21248K, reserved 1067008K
  class space    used 2566K, capacity 2707K, committed 2816K, reserved 1048576K
}
Event: 251.201 GC heap before
{Heap before GC invocations=6 (full 1):
 PSYoungGen      total 136192K, used 5089K [0x00000000d6100000, 0x00000000e7300000, 0x0000000100000000)
  eden space 131072K, 0% used [0x00000000d6100000,0x00000000d6100000,0x00000000de100000)
  from space 5120K, 99% used [0x00000000de100000,0x00000000de5f87e8,0x00000000de600000)
  to   space 9216K, 0% used [0x00000000e6a00000,0x00000000e6a00000,0x00000000e7300000)
 ParOldGen       total 86016K, used 4656K [0x0000000082200000, 0x0000000087600000, 0x00000000d6100000)
  object space 86016K, 5% used [0x0000000082200000,0x000000008268c3e0,0x0000000087600000)
 Metaspace       used 20618K, capacity 21092K, committed 21248K, reserved 1067008K
  class space    used 2566K, capacity 2707K, committed 2816K, reserved 1048576K
Event: 252.808 GC heap after
Heap after GC invocations=6 (full 1):
 PSYoungGen      total 136192K, used 0K [0x00000000d6100000, 0x00000000e7300000, 0x0000000100000000)
  eden space 131072K, 0% used [0x00000000d6100000,0x00000000d6100000,0x00000000de100000)
  from space 5120K, 0% used [0x00000000de100000,0x00000000de100000,0x00000000de600000)
  to   space 9216K, 0% used [0x00000000e6a00000,0x00000000e6a00000,0x00000000e7300000)
 ParOldGen       total 45056K, used 6293K [0x0000000082200000, 0x0000000084e00000, 0x00000000d6100000)
  object space 45056K, 13% used [0x0000000082200000,0x00000000828254e8,0x0000000084e00000)
 Metaspace       used 20618K, capacity 21092K, committed 21248K, reserved 1067008K
  class space    used 2566K, capacity 2707K, committed 2816K, reserved 1048576K
}

