# JRE version: Java(TM) SE Runtime Environment (8.0_201-b09) (build 1.8.0_201-b09)
# Java VM: Java HotSpot(TM) 64-Bit Server VM (25.201-b09 mixed mode windows-amd64 compressed oops)
Heap:
 PSYoungGen      total 240128K, used 35740K [0x00000000d6100000, 0x00000000e5900000, 0x0000000100000000)
  eden space 230400K, 11% used [0x00000000d6100000,0x00000000d7a69c50,0x00000000e4200000)
  from space 9728K, 99% used [0x00000000e4f80000,0x00000000e58fd500,0x00000000e5900000)
  to   space 11776K, 0% used [0x00000000e4200000,0x00000000e4200000,0x00000000e4d80000)
 ParOldGen       total 47616K, used 9249K [0x0000000082200000, 0x0000000085080000, 0x00000000d6100000)
  object space 47616K, 19% used [0x0000000082200000,0x0000000082b08408,0x0000000085080000)
 Metaspace       used 32335K, capacity 33848K, committed 33920K, reserved 1079296K
  class space    used 4159K, capacity 4450K, committed 4480K, reserved 1048576K
GC Heap History (10 events):
Event: 146.173 GC heap before
{Heap before GC invocations=5 (full 0):
 PSYoungGen      total 70656K, used 70166K [0x00000000d6100000, 0x00000000dab00000, 0x0000000100000000)
  eden space 65536K, 100% used [0x00000000d6100000,0x00000000da100000,0x00000000da100000)
  from space 5120K, 90% used [0x00000000da600000,0x00000000daa85bf8,0x00000000dab00000)
  to   space 5120K, 0% used [0x00000000da100000,0x00000000da100000,0x00000000da600000)
 ParOldGen       total 86016K, used 16K [0x0000000082200000, 0x0000000087600000, 0x00000000d6100000)
  object space 86016K, 0% used [0x0000000082200000,0x0000000082204000,0x0000000087600000)
 Metaspace       used 17396K, capacity 17848K, committed 18048K, reserved 1064960K
  class space    used 2186K, capacity 2345K, committed 2432K, reserved 1048576K
Event: 146.525 GC heap after
Heap after GC invocations=5 (full 0):
 PSYoungGen      total 70656K, used 5093K [0x00000000d6100000, 0x00000000df000000, 0x0000000100000000)
  eden space 65536K, 0% used [0x00000000d6100000,0x00000000d6100000,0x00000000da100000)
  from space 5120K, 99% used [0x00000000da100000,0x00000000da5f95f8,0x00000000da600000)
  to   space 7680K, 0% used [0x00000000de880000,0x00000000de880000,0x00000000df000000)
 ParOldGen       total 86016K, used 2287K [0x0000000082200000, 0x0000000087600000, 0x00000000d6100000)
  object space 86016K, 2% used [0x0000000082200000,0x000000008243bd08,0x0000000087600000)
 Metaspace       used 17396K, capacity 17848K, committed 18048K, reserved 1064960K
  class space    used 2186K, capacity 2345K, committed 2432K, reserved 1048576K
}
Event: 159.197 GC heap before
{Heap before GC invocations=6 (full 0):
 PSYoungGen      total 70656K, used 57901K [0x00000000d6100000, 0x00000000df000000, 0x0000000100000000)
  eden space 65536K, 80% used [0x00000000d6100000,0x00000000d9492080,0x00000000da100000)
  from space 5120K, 99% used [0x00000000da100000,0x00000000da5f95f8,0x00000000da600000)
  to   space 7680K, 0% used [0x00000000de880000,0x00000000de880000,0x00000000df000000)
 ParOldGen       total 86016K, used 2287K [0x0000000082200000, 0x0000000087600000, 0x00000000d6100000)
  object space 86016K, 2% used [0x0000000082200000,0x000000008243bd08,0x0000000087600000)
 Metaspace       used 20729K, capacity 21188K, committed 21248K, reserved 1067008K
  class space    used 2639K, capacity 2801K, committed 2816K, reserved 1048576K
Event: 160.004 GC heap after
Heap after GC invocations=6 (full 0):
 PSYoungGen      total 137728K, used 7584K [0x00000000d6100000, 0x00000000df200000, 0x0000000100000000)
  eden space 130048K, 0% used [0x00000000d6100000,0x00000000d6100000,0x00000000de000000)
  from space 7680K, 98% used [0x00000000de880000,0x00000000defe83f0,0x00000000df000000)
  to   space 8704K, 0% used [0x00000000de000000,0x00000000de000000,0x00000000de880000)
 ParOldGen       total 86016K, used 2295K [0x0000000082200000, 0x0000000087600000, 0x00000000d6100000)
  object space 86016K, 2% used [0x0000000082200000,0x000000008243dd08,0x0000000087600000)
 Metaspace       used 20729K, capacity 21188K, committed 21248K, reserved 1067008K
  class space    used 2639K, capacity 2801K, committed 2816K, reserved 1048576K
}
Event: 160.005 GC heap before
{Heap before GC invocations=7 (full 1):
 PSYoungGen      total 137728K, used 7584K [0x00000000d6100000, 0x00000000df200000, 0x0000000100000000)
  eden space 130048K, 0% used [0x00000000d6100000,0x00000000d6100000,0x00000000de000000)
  from space 7680K, 98% used [0x00000000de880000,0x00000000defe83f0,0x00000000df000000)
  to   space 8704K, 0% used [0x00000000de000000,0x00000000de000000,0x00000000de880000)
 ParOldGen       total 86016K, used 2295K [0x0000000082200000, 0x0000000087600000, 0x00000000d6100000)
  object space 86016K, 2% used [0x0000000082200000,0x000000008243dd08,0x0000000087600000)
 Metaspace       used 20729K, capacity 21188K, committed 21248K, reserved 1067008K
  class space    used 2639K, capacity 2801K, committed 2816K, reserved 1048576K
Event: 163.225 GC heap after
Heap after GC invocations=7 (full 1):
 PSYoungGen      total 137728K, used 0K [0x00000000d6100000, 0x00000000df200000, 0x0000000100000000)
  eden space 130048K, 0% used [0x00000000d6100000,0x00000000d6100000,0x00000000de000000)
  from space 7680K, 0% used [0x00000000de880000,0x00000000de880000,0x00000000df000000)
  to   space 8704K, 0% used [0x00000000de000000,0x00000000de000000,0x00000000de880000)
 ParOldGen       total 47616K, used 7313K [0x0000000082200000, 0x0000000085080000, 0x00000000d6100000)
  object space 47616K, 15% used [0x0000000082200000,0x0000000082924768,0x0000000085080000)
 Metaspace       used 20729K, capacity 21188K, committed 21248K, reserved 1067008K
  class space    used 2639K, capacity 2801K, committed 2816K, reserved 1048576K
}
Event: 208.198 GC heap before
{Heap before GC invocations=8 (full 1):
 PSYoungGen      total 137728K, used 130048K [0x00000000d6100000, 0x00000000df200000, 0x0000000100000000)
  eden space 130048K, 100% used [0x00000000d6100000,0x00000000de000000,0x00000000de000000)
  from space 7680K, 0% used [0x00000000de880000,0x00000000de880000,0x00000000df000000)
  to   space 8704K, 0% used [0x00000000de000000,0x00000000de000000,0x00000000de880000)
 ParOldGen       total 47616K, used 7313K [0x0000000082200000, 0x0000000085080000, 0x00000000d6100000)
  object space 47616K, 15% used [0x0000000082200000,0x0000000082924768,0x0000000085080000)
 Metaspace       used 25647K, capacity 26378K, committed 26624K, reserved 1073152K
  class space    used 3236K, capacity 3459K, committed 3584K, reserved 1048576K
Event: 208.942 GC heap after
Heap after GC invocations=8 (full 1):
 PSYoungGen      total 138752K, used 7445K [0x00000000d6100000, 0x00000000e5900000, 0x0000000100000000)
  eden space 130048K, 0% used [0x00000000d6100000,0x00000000d6100000,0x00000000de000000)
  from space 8704K, 85% used [0x00000000de000000,0x00000000de745540,0x00000000de880000)
  to   space 9728K, 0% used [0x00000000e4f80000,0x00000000e4f80000,0x00000000e5900000)
 ParOldGen       total 47616K, used 7313K [0x0000000082200000, 0x0000000085080000, 0x00000000d6100000)
  object space 47616K, 15% used [0x0000000082200000,0x0000000082924768,0x0000000085080000)
 Metaspace       used 25647K, capacity 26378K, committed 26624K, reserved 1073152K
  class space    used 3236K, capacity 3459K, committed 3584K, reserved 1048576K
}
Event: 249.189 GC heap before
{Heap before GC invocations=9 (full 1):
 PSYoungGen      total 138752K, used 137493K [0x00000000d6100000, 0x00000000e5900000, 0x0000000100000000)
  eden space 130048K, 100% used [0x00000000d6100000,0x00000000de000000,0x00000000de000000)
  from space 8704K, 85% used [0x00000000de000000,0x00000000de745540,0x00000000de880000)
  to   space 9728K, 0% used [0x00000000e4f80000,0x00000000e4f80000,0x00000000e5900000)
 ParOldGen       total 47616K, used 7313K [0x0000000082200000, 0x0000000085080000, 0x00000000d6100000)
  object space 47616K, 15% used [0x0000000082200000,0x0000000082924768,0x0000000085080000)
 Metaspace       used 31077K, capacity 32170K, committed 32384K, reserved 1077248K
  class space    used 3952K, capacity 4195K, committed 4224K, reserved 1048576K
Event: 250.046 GC heap after
Heap after GC invocations=9 (full 1):
 PSYoungGen      total 240128K, used 9717K [0x00000000d6100000, 0x00000000e5900000, 0x0000000100000000)
  eden space 230400K, 0% used [0x00000000d6100000,0x00000000d6100000,0x00000000e4200000)
  from space 9728K, 99% used [0x00000000e4f80000,0x00000000e58fd500,0x00000000e5900000)
  to   space 11776K, 0% used [0x00000000e4200000,0x00000000e4200000,0x00000000e4d80000)
 ParOldGen       total 47616K, used 9249K [0x0000000082200000, 0x0000000085080000, 0x00000000d6100000)
  object space 47616K, 19% used [0x0000000082200000,0x0000000082b08408,0x0000000085080000)
 Metaspace       used 31077K, capacity 32170K, committed 32384K, reserved 1077248K
  class space    used 3952K, capacity 4195K, committed 4224K, reserved 1048576K
}

