# JRE version: Java(TM) SE Runtime Environment (8.0_201-b09) (build 1.8.0_201-b09)
# Java VM: Java HotSpot(TM) 64-Bit Server VM (25.201-b09 mixed mode windows-amd64 compressed oops)
Heap:
 PSYoungGen      total 136192K, used 38169K [0x00000000d6100000, 0x00000000e7300000, 0x0000000100000000)
  eden space 131072K, 29% used [0x00000000d6100000,0x00000000d86466c8,0x00000000de100000)
  from space 5120K, 0% used [0x00000000de100000,0x00000000de100000,0x00000000de600000)
  to   space 9216K, 0% used [0x00000000e6a00000,0x00000000e6a00000,0x00000000e7300000)
 ParOldGen       total 43520K, used 6336K [0x0000000082200000, 0x0000000084c80000, 0x00000000d6100000)
  object space 43520K, 14% used [0x0000000082200000,0x0000000082830388,0x0000000084c80000)
 Metaspace       used 23097K, capacity 23642K, committed 23936K, reserved 1071104K
  class space    used 2928K, capacity 3084K, committed 3200K, reserved 1048576K
GC Heap History (10 events):
Event: 138.709 GC heap before
{Heap before GC invocations=2 (full 0):
 PSYoungGen      total 37888K, used 36325K [0x00000000d6100000, 0x00000000dab00000, 0x0000000100000000)
  eden space 32768K, 99% used [0x00000000d6100000,0x00000000d80f8f48,0x00000000d8100000)
  from space 5120K, 70% used [0x00000000d8100000,0x00000000d84804c0,0x00000000d8600000)
  to   space 5120K, 0% used [0x00000000da600000,0x00000000da600000,0x00000000dab00000)
 ParOldGen       total 86016K, used 16K [0x0000000082200000, 0x0000000087600000, 0x00000000d6100000)
  object space 86016K, 0% used [0x0000000082200000,0x0000000082204000,0x0000000087600000)
 Metaspace       used 8745K, capacity 8960K, committed 9088K, reserved 1056768K
  class space    used 960K, capacity 1028K, committed 1152K, reserved 1048576K
Event: 139.523 GC heap after
Heap after GC invocations=2 (full 0):
 PSYoungGen      total 70656K, used 2801K [0x00000000d6100000, 0x00000000dab00000, 0x0000000100000000)
  eden space 65536K, 0% used [0x00000000d6100000,0x00000000d6100000,0x00000000da100000)
  from space 5120K, 54% used [0x00000000da600000,0x00000000da8bc400,0x00000000dab00000)
  to   space 5120K, 0% used [0x00000000da100000,0x00000000da100000,0x00000000da600000)
 ParOldGen       total 86016K, used 24K [0x0000000082200000, 0x0000000087600000, 0x00000000d6100000)
  object space 86016K, 0% used [0x0000000082200000,0x0000000082206000,0x0000000087600000)
 Metaspace       used 8745K, capacity 8960K, committed 9088K, reserved 1056768K
  class space    used 960K, capacity 1028K, committed 1152K, reserved 1048576K
}
Event: 174.216 GC heap before
{Heap before GC invocations=3 (full 0):
 PSYoungGen      total 70656K, used 68337K [0x00000000d6100000, 0x00000000dab00000, 0x0000000100000000)
  eden space 65536K, 100% used [0x00000000d6100000,0x00000000da100000,0x00000000da100000)
  from space 5120K, 54% used [0x00000000da600000,0x00000000da8bc400,0x00000000dab00000)
  to   space 5120K, 0% used [0x00000000da100000,0x00000000da100000,0x00000000da600000)
 ParOldGen       total 86016K, used 24K [0x0000000082200000, 0x0000000087600000, 0x00000000d6100000)
  object space 86016K, 0% used [0x0000000082200000,0x0000000082206000,0x0000000087600000)
 Metaspace       used 13413K, capacity 13724K, committed 13824K, reserved 1060864K
  class space    used 1618K, capacity 1725K, committed 1792K, reserved 1048576K
Event: 174.763 GC heap after
Heap after GC invocations=3 (full 0):
 PSYoungGen      total 70656K, used 5118K [0x00000000d6100000, 0x00000000deb00000, 0x0000000100000000)
  eden space 65536K, 0% used [0x00000000d6100000,0x00000000d6100000,0x00000000da100000)
  from space 5120K, 99% used [0x00000000da100000,0x00000000da5ff9a0,0x00000000da600000)
  to   space 5120K, 0% used [0x00000000de600000,0x00000000de600000,0x00000000deb00000)
 ParOldGen       total 86016K, used 869K [0x0000000082200000, 0x0000000087600000, 0x00000000d6100000)
  object space 86016K, 1% used [0x0000000082200000,0x00000000822d9648,0x0000000087600000)
 Metaspace       used 13413K, capacity 13724K, committed 13824K, reserved 1060864K
  class space    used 1618K, capacity 1725K, committed 1792K, reserved 1048576K
}
Event: 187.145 GC heap before
{Heap before GC invocations=4 (full 0):
 PSYoungGen      total 70656K, used 70654K [0x00000000d6100000, 0x00000000deb00000, 0x0000000100000000)
  eden space 65536K, 100% used [0x00000000d6100000,0x00000000da100000,0x00000000da100000)
  from space 5120K, 99% used [0x00000000da100000,0x00000000da5ff9a0,0x00000000da600000)
  to   space 5120K, 0% used [0x00000000de600000,0x00000000de600000,0x00000000deb00000)
 ParOldGen       total 86016K, used 869K [0x0000000082200000, 0x0000000087600000, 0x00000000d6100000)
  object space 86016K, 1% used [0x0000000082200000,0x00000000822d9648,0x0000000087600000)
 Metaspace       used 17193K, capacity 17604K, committed 17920K, reserved 1064960K
  class space    used 2092K, capacity 2229K, committed 2304K, reserved 1048576K
Event: 187.679 GC heap after
Heap after GC invocations=4 (full 0):
 PSYoungGen      total 136192K, used 5117K [0x00000000d6100000, 0x00000000deb00000, 0x0000000100000000)
  eden space 131072K, 0% used [0x00000000d6100000,0x00000000d6100000,0x00000000de100000)
  from space 5120K, 99% used [0x00000000de600000,0x00000000deaff610,0x00000000deb00000)
  to   space 5120K, 0% used [0x00000000de100000,0x00000000de100000,0x00000000de600000)
 ParOldGen       total 86016K, used 3293K [0x0000000082200000, 0x0000000087600000, 0x00000000d6100000)
  object space 86016K, 3% used [0x0000000082200000,0x0000000082537650,0x0000000087600000)
 Metaspace       used 17193K, capacity 17604K, committed 17920K, reserved 1064960K
  class space    used 2092K, capacity 2229K, committed 2304K, reserved 1048576K
}
Event: 249.423 GC heap before
{Heap before GC invocations=5 (full 0):
 PSYoungGen      total 136192K, used 38425K [0x00000000d6100000, 0x00000000deb00000, 0x0000000100000000)
  eden space 131072K, 25% used [0x00000000d6100000,0x00000000d8186fa0,0x00000000de100000)
  from space 5120K, 99% used [0x00000000de600000,0x00000000deaff610,0x00000000deb00000)
  to   space 5120K, 0% used [0x00000000de100000,0x00000000de100000,0x00000000de600000)
 ParOldGen       total 86016K, used 3293K [0x0000000082200000, 0x0000000087600000, 0x00000000d6100000)
  object space 86016K, 3% used [0x0000000082200000,0x0000000082537650,0x0000000087600000)
 Metaspace       used 20662K, capacity 21128K, committed 21248K, reserved 1067008K
  class space    used 2580K, capacity 2739K, committed 2816K, reserved 1048576K
Event: 251.507 GC heap after
Heap after GC invocations=5 (full 0):
 PSYoungGen      total 136192K, used 5104K [0x00000000d6100000, 0x00000000e7300000, 0x0000000100000000)
  eden space 131072K, 0% used [0x00000000d6100000,0x00000000d6100000,0x00000000de100000)
  from space 5120K, 99% used [0x00000000de100000,0x00000000de5fc290,0x00000000de600000)
  to   space 9216K, 0% used [0x00000000e6a00000,0x00000000e6a00000,0x00000000e7300000)
 ParOldGen       total 86016K, used 4728K [0x0000000082200000, 0x0000000087600000, 0x00000000d6100000)
  object space 86016K, 5% used [0x0000000082200000,0x000000008269e130,0x0000000087600000)
 Metaspace       used 20662K, capacity 21128K, committed 21248K, reserved 1067008K
  class space    used 2580K, capacity 2739K, committed 2816K, reserved 1048576K
}
Event: 251.508 GC heap before
{Heap before GC invocations=6 (full 1):
 PSYoungGen      total 136192K, used 5104K [0x00000000d6100000, 0x00000000e7300000, 0x0000000100000000)
  eden space 131072K, 0% used [0x00000000d6100000,0x00000000d6100000,0x00000000de100000)
  from space 5120K, 99% used [0x00000000de100000,0x00000000de5fc290,0x00000000de600000)
  to   space 9216K, 0% used [0x00000000e6a00000,0x00000000e6a00000,0x00000000e7300000)
 ParOldGen       total 86016K, used 4728K [0x0000000082200000, 0x0000000087600000, 0x00000000d6100000)
  object space 86016K, 5% used [0x0000000082200000,0x000000008269e130,0x0000000087600000)
 Metaspace       used 20662K, capacity 21128K, committed 21248K, reserved 1067008K
  class space    used 2580K, capacity 2739K, committed 2816K, reserved 1048576K
Event: 252.252 GC heap after
Heap after GC invocations=6 (full 1):
 PSYoungGen      total 136192K, used 0K [0x00000000d6100000, 0x00000000e7300000, 0x0000000100000000)
  eden space 131072K, 0% used [0x00000000d6100000,0x00000000d6100000,0x00000000de100000)
  from space 5120K, 0% used [0x00000000de100000,0x00000000de100000,0x00000000de600000)
  to   space 9216K, 0% used [0x00000000e6a00000,0x00000000e6a00000,0x00000000e7300000)
 ParOldGen       total 43520K, used 6336K [0x0000000082200000, 0x0000000084c80000, 0x00000000d6100000)
  object space 43520K, 14% used [0x0000000082200000,0x0000000082830388,0x0000000084c80000)
 Metaspace       used 20662K, capacity 21128K, committed 21248K, reserved 1067008K
  class space    used 2580K, capacity 2739K, committed 2816K, reserved 1048576K
}

