# JRE version: Java(TM) SE Runtime Environment (8.0_201-b09) (build 1.8.0_201-b09)
# Java VM: Java HotSpot(TM) 64-Bit Server VM (25.201-b09 mixed mode windows-amd64 compressed oops)
Heap:
 PSYoungGen      total 138752K, used 111345K [0x00000000d6100000, 0x00000000e5a80000, 0x0000000100000000)
  eden space 130560K, 80% used [0x00000000d6100000,0x00000000dc710980,0x00000000de080000)
  from space 8192K, 83% used [0x00000000de080000,0x00000000de72bb80,0x00000000de880000)
  to   space 8704K, 0% used [0x00000000e5200000,0x00000000e5200000,0x00000000e5a80000)
 ParOldGen       total 46592K, used 6403K [0x0000000082200000, 0x0000000084f80000, 0x00000000d6100000)
  object space 46592K, 13% used [0x0000000082200000,0x0000000082840e98,0x0000000084f80000)
 Metaspace       used 29228K, capacity 30252K, committed 30464K, reserved 1075200K
  class space    used 3738K, capacity 3976K, committed 4096K, reserved 1048576K
GC Heap History (10 events):
Event: 175.491 GC heap before
{Heap before GC invocations=4 (full 0):
 PSYoungGen      total 37888K, used 36995K [0x00000000d6100000, 0x00000000dab00000, 0x0000000100000000)
  eden space 32768K, 100% used [0x00000000d6100000,0x00000000d8100000,0x00000000d8100000)
  from space 5120K, 82% used [0x00000000d8100000,0x00000000d8520d00,0x00000000d8600000)
  to   space 5120K, 0% used [0x00000000da600000,0x00000000da600000,0x00000000dab00000)
 ParOldGen       total 86016K, used 85K [0x0000000082200000, 0x0000000087600000, 0x00000000d6100000)
  object space 86016K, 0% used [0x0000000082200000,0x0000000082215498,0x0000000087600000)
 Metaspace       used 13469K, capacity 13820K, committed 14080K, reserved 1060864K
  class space    used 1645K, capacity 1757K, committed 1792K, reserved 1048576K
Event: 175.800 GC heap after
Heap after GC invocations=4 (full 0):
 PSYoungGen      total 70656K, used 4507K [0x00000000d6100000, 0x00000000dab00000, 0x0000000100000000)
  eden space 65536K, 0% used [0x00000000d6100000,0x00000000d6100000,0x00000000da100000)
  from space 5120K, 88% used [0x00000000da600000,0x00000000daa66ff0,0x00000000dab00000)
  to   space 5120K, 0% used [0x00000000da100000,0x00000000da100000,0x00000000da600000)
 ParOldGen       total 86016K, used 93K [0x0000000082200000, 0x0000000087600000, 0x00000000d6100000)
  object space 86016K, 0% used [0x0000000082200000,0x0000000082217498,0x0000000087600000)
 Metaspace       used 13469K, capacity 13820K, committed 14080K, reserved 1060864K
  class space    used 1645K, capacity 1757K, committed 1792K, reserved 1048576K
}
Event: 185.701 GC heap before
{Heap before GC invocations=5 (full 0):
 PSYoungGen      total 70656K, used 70043K [0x00000000d6100000, 0x00000000dab00000, 0x0000000100000000)
  eden space 65536K, 100% used [0x00000000d6100000,0x00000000da100000,0x00000000da100000)
  from space 5120K, 88% used [0x00000000da600000,0x00000000daa66ff0,0x00000000dab00000)
  to   space 5120K, 0% used [0x00000000da100000,0x00000000da100000,0x00000000da600000)
 ParOldGen       total 86016K, used 93K [0x0000000082200000, 0x0000000087600000, 0x00000000d6100000)
  object space 86016K, 0% used [0x0000000082200000,0x0000000082217498,0x0000000087600000)
 Metaspace       used 17412K, capacity 17818K, committed 18176K, reserved 1064960K
  class space    used 2123K, capacity 2236K, committed 2304K, reserved 1048576K
Event: 185.804 GC heap after
Heap after GC invocations=5 (full 0):
 PSYoungGen      total 70656K, used 5091K [0x00000000d6100000, 0x00000000df000000, 0x0000000100000000)
  eden space 65536K, 0% used [0x00000000d6100000,0x00000000d6100000,0x00000000da100000)
  from space 5120K, 99% used [0x00000000da100000,0x00000000da5f8f70,0x00000000da600000)
  to   space 7680K, 0% used [0x00000000de880000,0x00000000de880000,0x00000000df000000)
 ParOldGen       total 86016K, used 2505K [0x0000000082200000, 0x0000000087600000, 0x00000000d6100000)
  object space 86016K, 2% used [0x0000000082200000,0x0000000082472668,0x0000000087600000)
 Metaspace       used 17412K, capacity 17818K, committed 18176K, reserved 1064960K
  class space    used 2123K, capacity 2236K, committed 2304K, reserved 1048576K
}
Event: 193.981 GC heap before
{Heap before GC invocations=6 (full 0):
 PSYoungGen      total 70656K, used 36118K [0x00000000d6100000, 0x00000000df000000, 0x0000000100000000)
  eden space 65536K, 47% used [0x00000000d6100000,0x00000000d7f4c8d8,0x00000000da100000)
  from space 5120K, 99% used [0x00000000da100000,0x00000000da5f8f70,0x00000000da600000)
  to   space 7680K, 0% used [0x00000000de880000,0x00000000de880000,0x00000000df000000)
 ParOldGen       total 86016K, used 2505K [0x0000000082200000, 0x0000000087600000, 0x00000000d6100000)
  object space 86016K, 2% used [0x0000000082200000,0x0000000082472668,0x0000000087600000)
 Metaspace       used 20627K, capacity 21096K, committed 21248K, reserved 1067008K
  class space    used 2571K, capacity 2707K, committed 2816K, reserved 1048576K
Event: 194.892 GC heap after
Heap after GC invocations=6 (full 0):
 PSYoungGen      total 138240K, used 6490K [0x00000000d6100000, 0x00000000df100000, 0x0000000100000000)
  eden space 130560K, 0% used [0x00000000d6100000,0x00000000d6100000,0x00000000de080000)
  from space 7680K, 84% used [0x00000000de880000,0x00000000deed6888,0x00000000df000000)
  to   space 8192K, 0% used [0x00000000de080000,0x00000000de080000,0x00000000de880000)
 ParOldGen       total 86016K, used 2577K [0x0000000082200000, 0x0000000087600000, 0x00000000d6100000)
  object space 86016K, 2% used [0x0000000082200000,0x0000000082484678,0x0000000087600000)
 Metaspace       used 20627K, capacity 21096K, committed 21248K, reserved 1067008K
  class space    used 2571K, capacity 2707K, committed 2816K, reserved 1048576K
}
Event: 194.892 GC heap before
{Heap before GC invocations=7 (full 1):
 PSYoungGen      total 138240K, used 6490K [0x00000000d6100000, 0x00000000df100000, 0x0000000100000000)
  eden space 130560K, 0% used [0x00000000d6100000,0x00000000d6100000,0x00000000de080000)
  from space 7680K, 84% used [0x00000000de880000,0x00000000deed6888,0x00000000df000000)
  to   space 8192K, 0% used [0x00000000de080000,0x00000000de080000,0x00000000de880000)
 ParOldGen       total 86016K, used 2577K [0x0000000082200000, 0x0000000087600000, 0x00000000d6100000)
  object space 86016K, 2% used [0x0000000082200000,0x0000000082484678,0x0000000087600000)
 Metaspace       used 20627K, capacity 21096K, committed 21248K, reserved 1067008K
  class space    used 2571K, capacity 2707K, committed 2816K, reserved 1048576K
Event: 196.283 GC heap after
Heap after GC invocations=7 (full 1):
 PSYoungGen      total 138240K, used 0K [0x00000000d6100000, 0x00000000df100000, 0x0000000100000000)
  eden space 130560K, 0% used [0x00000000d6100000,0x00000000d6100000,0x00000000de080000)
  from space 7680K, 0% used [0x00000000de880000,0x00000000de880000,0x00000000df000000)
  to   space 8192K, 0% used [0x00000000de080000,0x00000000de080000,0x00000000de880000)
 ParOldGen       total 46592K, used 6395K [0x0000000082200000, 0x0000000084f80000, 0x00000000d6100000)
  object space 46592K, 13% used [0x0000000082200000,0x000000008283ee98,0x0000000084f80000)
 Metaspace       used 20627K, capacity 21096K, committed 21248K, reserved 1067008K
  class space    used 2571K, capacity 2707K, committed 2816K, reserved 1048576K
}
Event: 236.201 GC heap before
{Heap before GC invocations=8 (full 1):
 PSYoungGen      total 138240K, used 130529K [0x00000000d6100000, 0x00000000df100000, 0x0000000100000000)
  eden space 130560K, 99% used [0x00000000d6100000,0x00000000de078498,0x00000000de080000)
  from space 7680K, 0% used [0x00000000de880000,0x00000000de880000,0x00000000df000000)
  to   space 8192K, 0% used [0x00000000de080000,0x00000000de080000,0x00000000de880000)
 ParOldGen       total 46592K, used 6395K [0x0000000082200000, 0x0000000084f80000, 0x00000000d6100000)
  object space 46592K, 13% used [0x0000000082200000,0x000000008283ee98,0x0000000084f80000)
 Metaspace       used 25435K, capacity 26112K, committed 26240K, reserved 1073152K
  class space    used 3203K, capacity 3416K, committed 3456K, reserved 1048576K
Event: 236.927 GC heap after
Heap after GC invocations=8 (full 1):
 PSYoungGen      total 138752K, used 6830K [0x00000000d6100000, 0x00000000e5a80000, 0x0000000100000000)
  eden space 130560K, 0% used [0x00000000d6100000,0x00000000d6100000,0x00000000de080000)
  from space 8192K, 83% used [0x00000000de080000,0x00000000de72bb80,0x00000000de880000)
  to   space 8704K, 0% used [0x00000000e5200000,0x00000000e5200000,0x00000000e5a80000)
 ParOldGen       total 46592K, used 6403K [0x0000000082200000, 0x0000000084f80000, 0x00000000d6100000)
  object space 46592K, 13% used [0x0000000082200000,0x0000000082840e98,0x0000000084f80000)
 Metaspace       used 25435K, capacity 26112K, committed 26240K, reserved 1073152K
  class space    used 3203K, capacity 3416K, committed 3456K, reserved 1048576K
}

