# JRE version: Java(TM) SE Runtime Environment (8.0_201-b09) (build 1.8.0_201-b09)
# Java VM: Java HotSpot(TM) 64-Bit Server VM (25.201-b09 mixed mode windows-amd64 compressed oops)
Heap:
 PSYoungGen      total 269312K, used 3970K [0x00000000d6100000, 0x00000000f6a80000, 0x0000000100000000)
  eden space 259072K, 1% used [0x00000000d6100000,0x00000000d64e0b00,0x00000000e5e00000)
  from space 10240K, 0% used [0x00000000e5e00000,0x00000000e5e00000,0x00000000e6800000)
  to   space 15360K, 0% used [0x00000000f5b80000,0x00000000f5b80000,0x00000000f6a80000)
 ParOldGen       total 66048K, used 21444K [0x0000000082200000, 0x0000000086280000, 0x00000000d6100000)
  object space 66048K, 32% used [0x0000000082200000,0x00000000836f1398,0x0000000086280000)
 Metaspace       used 33932K, capacity 35482K, committed 35672K, reserved 1081344K
  class space    used 4374K, capacity 4675K, committed 4736K, reserved 1048576K
GC Heap History (10 events):
Event: 152.545 GC heap before
{Heap before GC invocations=5 (full 0):
 PSYoungGen      total 136192K, used 53824K [0x00000000d6100000, 0x00000000deb00000, 0x0000000100000000)
  eden space 131072K, 37% used [0x00000000d6100000,0x00000000d9096f10,0x00000000de100000)
  from space 5120K, 99% used [0x00000000de600000,0x00000000deaf9340,0x00000000deb00000)
  to   space 5120K, 0% used [0x00000000de100000,0x00000000de100000,0x00000000de600000)
 ParOldGen       total 86016K, used 3032K [0x0000000082200000, 0x0000000087600000, 0x00000000d6100000)
  object space 86016K, 3% used [0x0000000082200000,0x00000000824f60c0,0x0000000087600000)
 Metaspace       used 20607K, capacity 21052K, committed 21248K, reserved 1067008K
  class space    used 2577K, capacity 2723K, committed 2816K, reserved 1048576K
Event: 152.818 GC heap after
Heap after GC invocations=5 (full 0):
 PSYoungGen      total 136192K, used 5102K [0x00000000d6100000, 0x00000000e7400000, 0x0000000100000000)
  eden space 131072K, 0% used [0x00000000d6100000,0x00000000d6100000,0x00000000de100000)
  from space 5120K, 99% used [0x00000000de100000,0x00000000de5fb8c8,0x00000000de600000)
  to   space 9728K, 0% used [0x00000000e6a80000,0x00000000e6a80000,0x00000000e7400000)
 ParOldGen       total 86016K, used 5242K [0x0000000082200000, 0x0000000087600000, 0x00000000d6100000)
  object space 86016K, 6% used [0x0000000082200000,0x000000008271e870,0x0000000087600000)
 Metaspace       used 20607K, capacity 21052K, committed 21248K, reserved 1067008K
  class space    used 2577K, capacity 2723K, committed 2816K, reserved 1048576K
}
Event: 152.818 GC heap before
{Heap before GC invocations=6 (full 1):
 PSYoungGen      total 136192K, used 5102K [0x00000000d6100000, 0x00000000e7400000, 0x0000000100000000)
  eden space 131072K, 0% used [0x00000000d6100000,0x00000000d6100000,0x00000000de100000)
  from space 5120K, 99% used [0x00000000de100000,0x00000000de5fb8c8,0x00000000de600000)
  to   space 9728K, 0% used [0x00000000e6a80000,0x00000000e6a80000,0x00000000e7400000)
 ParOldGen       total 86016K, used 5242K [0x0000000082200000, 0x0000000087600000, 0x00000000d6100000)
  object space 86016K, 6% used [0x0000000082200000,0x000000008271e870,0x0000000087600000)
 Metaspace       used 20607K, capacity 21052K, committed 21248K, reserved 1067008K
  class space    used 2577K, capacity 2723K, committed 2816K, reserved 1048576K
Event: 153.313 GC heap after
Heap after GC invocations=6 (full 1):
 PSYoungGen      total 136192K, used 0K [0x00000000d6100000, 0x00000000e7400000, 0x0000000100000000)
  eden space 131072K, 0% used [0x00000000d6100000,0x00000000d6100000,0x00000000de100000)
  from space 5120K, 0% used [0x00000000de100000,0x00000000de100000,0x00000000de600000)
  to   space 9728K, 0% used [0x00000000e6a80000,0x00000000e6a80000,0x00000000e7400000)
 ParOldGen       total 44544K, used 7156K [0x0000000082200000, 0x0000000084d80000, 0x00000000d6100000)
  object space 44544K, 16% used [0x0000000082200000,0x00000000828fd0a8,0x0000000084d80000)
 Metaspace       used 20605K, capacity 21046K, committed 21248K, reserved 1067008K
  class space    used 2576K, capacity 2722K, committed 2816K, reserved 1048576K
}
Event: 179.956 GC heap before
{Heap before GC invocations=7 (full 1):
 PSYoungGen      total 136192K, used 131072K [0x00000000d6100000, 0x00000000e7400000, 0x0000000100000000)
  eden space 131072K, 100% used [0x00000000d6100000,0x00000000de100000,0x00000000de100000)
  from space 5120K, 0% used [0x00000000de100000,0x00000000de100000,0x00000000de600000)
  to   space 9728K, 0% used [0x00000000e6a80000,0x00000000e6a80000,0x00000000e7400000)
 ParOldGen       total 44544K, used 7156K [0x0000000082200000, 0x0000000084d80000, 0x00000000d6100000)
  object space 44544K, 16% used [0x0000000082200000,0x00000000828fd0a8,0x0000000084d80000)
 Metaspace       used 25645K, capacity 26442K, committed 26624K, reserved 1073152K
  class space    used 3235K, capacity 3459K, committed 3584K, reserved 1048576K
Event: 180.226 GC heap after
Heap after GC invocations=7 (full 1):
 PSYoungGen      total 264192K, used 7547K [0x00000000d6100000, 0x00000000e7200000, 0x0000000100000000)
  eden space 256512K, 0% used [0x00000000d6100000,0x00000000d6100000,0x00000000e5b80000)
  from space 7680K, 98% used [0x00000000e6a80000,0x00000000e71decc8,0x00000000e7200000)
  to   space 10240K, 0% used [0x00000000e5e00000,0x00000000e5e00000,0x00000000e6800000)
 ParOldGen       total 44544K, used 7228K [0x0000000082200000, 0x0000000084d80000, 0x00000000d6100000)
  object space 44544K, 16% used [0x0000000082200000,0x000000008290f0b8,0x0000000084d80000)
 Metaspace       used 25645K, capacity 26442K, committed 26624K, reserved 1073152K
  class space    used 3235K, capacity 3459K, committed 3584K, reserved 1048576K
}
Event: 249.634 GC heap before
{Heap before GC invocations=8 (full 1):
 PSYoungGen      total 264192K, used 188802K [0x00000000d6100000, 0x00000000e7200000, 0x0000000100000000)
  eden space 256512K, 70% used [0x00000000d6100000,0x00000000e1201ed0,0x00000000e5b80000)
  from space 7680K, 98% used [0x00000000e6a80000,0x00000000e71decc8,0x00000000e7200000)
  to   space 10240K, 0% used [0x00000000e5e00000,0x00000000e5e00000,0x00000000e6800000)
 ParOldGen       total 44544K, used 7228K [0x0000000082200000, 0x0000000084d80000, 0x00000000d6100000)
  object space 44544K, 16% used [0x0000000082200000,0x000000008290f0b8,0x0000000084d80000)
 Metaspace       used 33812K, capacity 35348K, committed 35416K, reserved 1079296K
  class space    used 4361K, capacity 4674K, committed 4736K, reserved 1048576K
Event: 257.835 GC heap after
Heap after GC invocations=8 (full 1):
 PSYoungGen      total 269312K, used 10232K [0x00000000d6100000, 0x00000000f6a80000, 0x0000000100000000)
  eden space 259072K, 0% used [0x00000000d6100000,0x00000000d6100000,0x00000000e5e00000)
  from space 10240K, 99% used [0x00000000e5e00000,0x00000000e67fe118,0x00000000e6800000)
  to   space 15360K, 0% used [0x00000000f5b80000,0x00000000f5b80000,0x00000000f6a80000)
 ParOldGen       total 44544K, used 14456K [0x0000000082200000, 0x0000000084d80000, 0x00000000d6100000)
  object space 44544K, 32% used [0x0000000082200000,0x000000008301e2d8,0x0000000084d80000)
 Metaspace       used 33812K, capacity 35348K, committed 35416K, reserved 1079296K
  class space    used 4361K, capacity 4674K, committed 4736K, reserved 1048576K
}
Event: 257.836 GC heap before
{Heap before GC invocations=9 (full 2):
 PSYoungGen      total 269312K, used 10232K [0x00000000d6100000, 0x00000000f6a80000, 0x0000000100000000)
  eden space 259072K, 0% used [0x00000000d6100000,0x00000000d6100000,0x00000000e5e00000)
  from space 10240K, 99% used [0x00000000e5e00000,0x00000000e67fe118,0x00000000e6800000)
  to   space 15360K, 0% used [0x00000000f5b80000,0x00000000f5b80000,0x00000000f6a80000)
 ParOldGen       total 44544K, used 14456K [0x0000000082200000, 0x0000000084d80000, 0x00000000d6100000)
  object space 44544K, 32% used [0x0000000082200000,0x000000008301e2d8,0x0000000084d80000)
 Metaspace       used 33812K, capacity 35348K, committed 35416K, reserved 1079296K
  class space    used 4361K, capacity 4674K, committed 4736K, reserved 1048576K
Event: 259.678 GC heap after
Heap after GC invocations=9 (full 2):
 PSYoungGen      total 269312K, used 0K [0x00000000d6100000, 0x00000000f6a80000, 0x0000000100000000)
  eden space 259072K, 0% used [0x00000000d6100000,0x00000000d6100000,0x00000000e5e00000)
  from space 10240K, 0% used [0x00000000e5e00000,0x00000000e5e00000,0x00000000e6800000)
  to   space 15360K, 0% used [0x00000000f5b80000,0x00000000f5b80000,0x00000000f6a80000)
 ParOldGen       total 66048K, used 21444K [0x0000000082200000, 0x0000000086280000, 0x00000000d6100000)
  object space 66048K, 32% used [0x0000000082200000,0x00000000836f1398,0x0000000086280000)
 Metaspace       used 33812K, capacity 35348K, committed 35416K, reserved 1079296K
  class space    used 4361K, capacity 4674K, committed 4736K, reserved 1048576K
}

