# JRE version: Java(TM) SE Runtime Environment (8.0_201-b09) (build 1.8.0_201-b09)
# Java VM: Java HotSpot(TM) 64-Bit Server VM (25.201-b09 mixed mode windows-amd64 compressed oops)
Heap:
 PSYoungGen      total 262144K, used 88584K [0x00000000d6100000, 0x00000000e7200000, 0x0000000100000000)
  eden space 254464K, 31% used [0x00000000d6100000,0x00000000db0378e0,0x00000000e5980000)
  from space 7680K, 97% used [0x00000000e6a80000,0x00000000e71ca9c0,0x00000000e7200000)
  to   space 10240K, 0% used [0x00000000e5e00000,0x00000000e5e00000,0x00000000e6800000)
 ParOldGen       total 45056K, used 7431K [0x0000000082200000, 0x0000000084e00000, 0x00000000d6100000)
  object space 45056K, 16% used [0x0000000082200000,0x0000000082941e10,0x0000000084e00000)
 Metaspace       used 28607K, capacity 29644K, committed 29824K, reserved 1075200K
  class space    used 3664K, capacity 3880K, committed 3968K, reserved 1048576K
GC Heap History (10 events):
Event: 191.451 GC heap before
{Heap before GC invocations=3 (full 0):
 PSYoungGen      total 70656K, used 68305K [0x00000000d6100000, 0x00000000dab00000, 0x0000000100000000)
  eden space 65536K, 100% used [0x00000000d6100000,0x00000000da100000,0x00000000da100000)
  from space 5120K, 54% used [0x00000000da600000,0x00000000da8b4400,0x00000000dab00000)
  to   space 5120K, 0% used [0x00000000da100000,0x00000000da100000,0x00000000da600000)
 ParOldGen       total 86016K, used 24K [0x0000000082200000, 0x0000000087600000, 0x00000000d6100000)
  object space 86016K, 0% used [0x0000000082200000,0x0000000082206000,0x0000000087600000)
 Metaspace       used 13775K, capacity 14176K, committed 14464K, reserved 1062912K
  class space    used 1671K, capacity 1803K, committed 1920K, reserved 1048576K
Event: 192.434 GC heap after
Heap after GC invocations=3 (full 0):
 PSYoungGen      total 70656K, used 5105K [0x00000000d6100000, 0x00000000deb00000, 0x0000000100000000)
  eden space 65536K, 0% used [0x00000000d6100000,0x00000000d6100000,0x00000000da100000)
  from space 5120K, 99% used [0x00000000da100000,0x00000000da5fc7e0,0x00000000da600000)
  to   space 5120K, 0% used [0x00000000de600000,0x00000000de600000,0x00000000deb00000)
 ParOldGen       total 86016K, used 1026K [0x0000000082200000, 0x0000000087600000, 0x00000000d6100000)
  object space 86016K, 1% used [0x0000000082200000,0x0000000082300a10,0x0000000087600000)
 Metaspace       used 13775K, capacity 14176K, committed 14464K, reserved 1062912K
  class space    used 1671K, capacity 1803K, committed 1920K, reserved 1048576K
}
Event: 200.321 GC heap before
{Heap before GC invocations=4 (full 0):
 PSYoungGen      total 70656K, used 70641K [0x00000000d6100000, 0x00000000deb00000, 0x0000000100000000)
  eden space 65536K, 100% used [0x00000000d6100000,0x00000000da100000,0x00000000da100000)
  from space 5120K, 99% used [0x00000000da100000,0x00000000da5fc7e0,0x00000000da600000)
  to   space 5120K, 0% used [0x00000000de600000,0x00000000de600000,0x00000000deb00000)
 ParOldGen       total 86016K, used 1026K [0x0000000082200000, 0x0000000087600000, 0x00000000d6100000)
  object space 86016K, 1% used [0x0000000082200000,0x0000000082300a10,0x0000000087600000)
 Metaspace       used 17379K, capacity 17820K, committed 18048K, reserved 1064960K
  class space    used 2178K, capacity 2313K, committed 2432K, reserved 1048576K
Event: 200.330 GC heap after
Heap after GC invocations=4 (full 0):
 PSYoungGen      total 136192K, used 5101K [0x00000000d6100000, 0x00000000deb00000, 0x0000000100000000)
  eden space 131072K, 0% used [0x00000000d6100000,0x00000000d6100000,0x00000000de100000)
  from space 5120K, 99% used [0x00000000de600000,0x00000000deafb528,0x00000000deb00000)
  to   space 5120K, 0% used [0x00000000de100000,0x00000000de100000,0x00000000de600000)
 ParOldGen       total 86016K, used 3285K [0x0000000082200000, 0x0000000087600000, 0x00000000d6100000)
  object space 86016K, 3% used [0x0000000082200000,0x00000000825355f0,0x0000000087600000)
 Metaspace       used 17379K, capacity 17820K, committed 18048K, reserved 1064960K
  class space    used 2178K, capacity 2313K, committed 2432K, reserved 1048576K
}
Event: 211.473 GC heap before
{Heap before GC invocations=5 (full 0):
 PSYoungGen      total 136192K, used 60372K [0x00000000d6100000, 0x00000000deb00000, 0x0000000100000000)
  eden space 131072K, 42% used [0x00000000d6100000,0x00000000d96f9ec0,0x00000000de100000)
  from space 5120K, 99% used [0x00000000de600000,0x00000000deafb528,0x00000000deb00000)
  to   space 5120K, 0% used [0x00000000de100000,0x00000000de100000,0x00000000de600000)
 ParOldGen       total 86016K, used 3285K [0x0000000082200000, 0x0000000087600000, 0x00000000d6100000)
  object space 86016K, 3% used [0x0000000082200000,0x00000000825355f0,0x0000000087600000)
 Metaspace       used 20717K, capacity 21174K, committed 21248K, reserved 1067008K
  class space    used 2630K, capacity 2772K, committed 2816K, reserved 1048576K
Event: 212.153 GC heap after
Heap after GC invocations=5 (full 0):
 PSYoungGen      total 136192K, used 5101K [0x00000000d6100000, 0x00000000e7400000, 0x0000000100000000)
  eden space 131072K, 0% used [0x00000000d6100000,0x00000000d6100000,0x00000000de100000)
  from space 5120K, 99% used [0x00000000de100000,0x00000000de5fb440,0x00000000de600000)
  to   space 9728K, 0% used [0x00000000e6a80000,0x00000000e6a80000,0x00000000e7400000)
 ParOldGen       total 86016K, used 5745K [0x0000000082200000, 0x0000000087600000, 0x00000000d6100000)
  object space 86016K, 6% used [0x0000000082200000,0x000000008279c678,0x0000000087600000)
 Metaspace       used 20717K, capacity 21174K, committed 21248K, reserved 1067008K
  class space    used 2630K, capacity 2772K, committed 2816K, reserved 1048576K
}
Event: 212.154 GC heap before
{Heap before GC invocations=6 (full 1):
 PSYoungGen      total 136192K, used 5101K [0x00000000d6100000, 0x00000000e7400000, 0x0000000100000000)
  eden space 131072K, 0% used [0x00000000d6100000,0x00000000d6100000,0x00000000de100000)
  from space 5120K, 99% used [0x00000000de100000,0x00000000de5fb440,0x00000000de600000)
  to   space 9728K, 0% used [0x00000000e6a80000,0x00000000e6a80000,0x00000000e7400000)
 ParOldGen       total 86016K, used 5745K [0x0000000082200000, 0x0000000087600000, 0x00000000d6100000)
  object space 86016K, 6% used [0x0000000082200000,0x000000008279c678,0x0000000087600000)
 Metaspace       used 20717K, capacity 21174K, committed 21248K, reserved 1067008K
  class space    used 2630K, capacity 2772K, committed 2816K, reserved 1048576K
Event: 213.210 GC heap after
Heap after GC invocations=6 (full 1):
 PSYoungGen      total 136192K, used 0K [0x00000000d6100000, 0x00000000e7400000, 0x0000000100000000)
  eden space 131072K, 0% used [0x00000000d6100000,0x00000000d6100000,0x00000000de100000)
  from space 5120K, 0% used [0x00000000de100000,0x00000000de100000,0x00000000de600000)
  to   space 9728K, 0% used [0x00000000e6a80000,0x00000000e6a80000,0x00000000e7400000)
 ParOldGen       total 45056K, used 7359K [0x0000000082200000, 0x0000000084e00000, 0x00000000d6100000)
  object space 45056K, 16% used [0x0000000082200000,0x000000008292fe00,0x0000000084e00000)
 Metaspace       used 20717K, capacity 21174K, committed 21248K, reserved 1067008K
  class space    used 2630K, capacity 2772K, committed 2816K, reserved 1048576K
}
Event: 248.405 GC heap before
{Heap before GC invocations=7 (full 1):
 PSYoungGen      total 136192K, used 131072K [0x00000000d6100000, 0x00000000e7400000, 0x0000000100000000)
  eden space 131072K, 100% used [0x00000000d6100000,0x00000000de100000,0x00000000de100000)
  from space 5120K, 0% used [0x00000000de100000,0x00000000de100000,0x00000000de600000)
  to   space 9728K, 0% used [0x00000000e6a80000,0x00000000e6a80000,0x00000000e7400000)
 ParOldGen       total 45056K, used 7359K [0x0000000082200000, 0x0000000084e00000, 0x00000000d6100000)
  object space 45056K, 16% used [0x0000000082200000,0x000000008292fe00,0x0000000084e00000)
 Metaspace       used 25667K, capacity 26442K, committed 26624K, reserved 1073152K
  class space    used 3238K, capacity 3459K, committed 3584K, reserved 1048576K
Event: 248.439 GC heap after
Heap after GC invocations=7 (full 1):
 PSYoungGen      total 262144K, used 7466K [0x00000000d6100000, 0x00000000e7200000, 0x0000000100000000)
  eden space 254464K, 0% used [0x00000000d6100000,0x00000000d6100000,0x00000000e5980000)
  from space 7680K, 97% used [0x00000000e6a80000,0x00000000e71ca9c0,0x00000000e7200000)
  to   space 10240K, 0% used [0x00000000e5e00000,0x00000000e5e00000,0x00000000e6800000)
 ParOldGen       total 45056K, used 7431K [0x0000000082200000, 0x0000000084e00000, 0x00000000d6100000)
  object space 45056K, 16% used [0x0000000082200000,0x0000000082941e10,0x0000000084e00000)
 Metaspace       used 25667K, capacity 26442K, committed 26624K, reserved 1073152K
  class space    used 3238K, capacity 3459K, committed 3584K, reserved 1048576K
}

