# JRE version: Java(TM) SE Runtime Environment (8.0_201-b09) (build 1.8.0_201-b09)
# Java VM: Java HotSpot(TM) 64-Bit Server VM (25.201-b09 mixed mode windows-amd64 compressed oops)
Heap:
 PSYoungGen      total 137728K, used 31650K [0x00000000d6100000, 0x00000000df200000, 0x0000000100000000)
  eden space 130048K, 24% used [0x00000000d6100000,0x00000000d7fe8af8,0x00000000de000000)
  from space 7680K, 0% used [0x00000000de880000,0x00000000de880000,0x00000000df000000)
  to   space 8704K, 0% used [0x00000000de000000,0x00000000de000000,0x00000000de880000)
 ParOldGen       total 41984K, used 7028K [0x0000000082200000, 0x0000000084b00000, 0x00000000d6100000)
  object space 41984K, 16% used [0x0000000082200000,0x00000000828dd2a8,0x0000000084b00000)
 Metaspace       used 21939K, capacity 22416K, committed 22656K, reserved 1069056K
  class space    used 2771K, capacity 2905K, committed 2944K, reserved 1048576K
GC Heap History (10 events):
Event: 160.713 GC heap before
{Heap before GC invocations=3 (full 0):
 PSYoungGen      total 37888K, used 35557K [0x00000000d6100000, 0x00000000dab00000, 0x0000000100000000)
  eden space 32768K, 100% used [0x00000000d6100000,0x00000000d8100000,0x00000000d8100000)
  from space 5120K, 54% used [0x00000000d8600000,0x00000000d88b9548,0x00000000d8b00000)
  to   space 5120K, 0% used [0x00000000d8100000,0x00000000d8100000,0x00000000d8600000)
 ParOldGen       total 86016K, used 967K [0x0000000082200000, 0x0000000087600000, 0x00000000d6100000)
  object space 86016K, 1% used [0x0000000082200000,0x00000000822f1f90,0x0000000087600000)
 Metaspace       used 11364K, capacity 11622K, committed 11776K, reserved 1058816K
  class space    used 1315K, capacity 1418K, committed 1536K, reserved 1048576K
Event: 161.688 GC heap after
Heap after GC invocations=3 (full 0):
 PSYoungGen      total 37888K, used 4180K [0x00000000d6100000, 0x00000000dab00000, 0x0000000100000000)
  eden space 32768K, 0% used [0x00000000d6100000,0x00000000d6100000,0x00000000d8100000)
  from space 5120K, 81% used [0x00000000d8100000,0x00000000d8515138,0x00000000d8600000)
  to   space 5120K, 0% used [0x00000000da600000,0x00000000da600000,0x00000000dab00000)
 ParOldGen       total 86016K, used 975K [0x0000000082200000, 0x0000000087600000, 0x00000000d6100000)
  object space 86016K, 1% used [0x0000000082200000,0x00000000822f3f90,0x0000000087600000)
 Metaspace       used 11364K, capacity 11622K, committed 11776K, reserved 1058816K
  class space    used 1315K, capacity 1418K, committed 1536K, reserved 1048576K
}
Event: 170.754 GC heap before
{Heap before GC invocations=4 (full 0):
 PSYoungGen      total 37888K, used 36948K [0x00000000d6100000, 0x00000000dab00000, 0x0000000100000000)
  eden space 32768K, 100% used [0x00000000d6100000,0x00000000d8100000,0x00000000d8100000)
  from space 5120K, 81% used [0x00000000d8100000,0x00000000d8515138,0x00000000d8600000)
  to   space 5120K, 0% used [0x00000000da600000,0x00000000da600000,0x00000000dab00000)
 ParOldGen       total 86016K, used 981K [0x0000000082200000, 0x0000000087600000, 0x00000000d6100000)
  object space 86016K, 1% used [0x0000000082200000,0x00000000822f57b8,0x0000000087600000)
 Metaspace       used 13896K, capacity 14332K, committed 14720K, reserved 1062912K
  class space    used 1711K, capacity 1835K, committed 1920K, reserved 1048576K
Event: 171.796 GC heap after
Heap after GC invocations=4 (full 0):
 PSYoungGen      total 70656K, used 4683K [0x00000000d6100000, 0x00000000dab00000, 0x0000000100000000)
  eden space 65536K, 0% used [0x00000000d6100000,0x00000000d6100000,0x00000000da100000)
  from space 5120K, 91% used [0x00000000da600000,0x00000000daa92e08,0x00000000dab00000)
  to   space 5120K, 0% used [0x00000000da100000,0x00000000da100000,0x00000000da600000)
 ParOldGen       total 86016K, used 989K [0x0000000082200000, 0x0000000087600000, 0x00000000d6100000)
  object space 86016K, 1% used [0x0000000082200000,0x00000000822f77b8,0x0000000087600000)
 Metaspace       used 13896K, capacity 14332K, committed 14720K, reserved 1062912K
  class space    used 1711K, capacity 1835K, committed 1920K, reserved 1048576K
}
Event: 177.058 GC heap before
{Heap before GC invocations=5 (full 0):
 PSYoungGen      total 70656K, used 70219K [0x00000000d6100000, 0x00000000dab00000, 0x0000000100000000)
  eden space 65536K, 100% used [0x00000000d6100000,0x00000000da100000,0x00000000da100000)
  from space 5120K, 91% used [0x00000000da600000,0x00000000daa92e08,0x00000000dab00000)
  to   space 5120K, 0% used [0x00000000da100000,0x00000000da100000,0x00000000da600000)
 ParOldGen       total 86016K, used 989K [0x0000000082200000, 0x0000000087600000, 0x00000000d6100000)
  object space 86016K, 1% used [0x0000000082200000,0x00000000822f77b8,0x0000000087600000)
 Metaspace       used 17539K, capacity 18026K, committed 18304K, reserved 1064960K
  class space    used 2268K, capacity 2422K, committed 2432K, reserved 1048576K
Event: 177.523 GC heap after
Heap after GC invocations=5 (full 0):
 PSYoungGen      total 70656K, used 5116K [0x00000000d6100000, 0x00000000df000000, 0x0000000100000000)
  eden space 65536K, 0% used [0x00000000d6100000,0x00000000d6100000,0x00000000da100000)
  from space 5120K, 99% used [0x00000000da100000,0x00000000da5ff210,0x00000000da600000)
  to   space 7680K, 0% used [0x00000000de880000,0x00000000de880000,0x00000000df000000)
 ParOldGen       total 86016K, used 3260K [0x0000000082200000, 0x0000000087600000, 0x00000000d6100000)
  object space 86016K, 3% used [0x0000000082200000,0x000000008252f238,0x0000000087600000)
 Metaspace       used 17539K, capacity 18026K, committed 18304K, reserved 1064960K
  class space    used 2268K, capacity 2422K, committed 2432K, reserved 1048576K
}
Event: 180.867 GC heap before
{Heap before GC invocations=6 (full 0):
 PSYoungGen      total 70656K, used 50370K [0x00000000d6100000, 0x00000000df000000, 0x0000000100000000)
  eden space 65536K, 69% used [0x00000000d6100000,0x00000000d8d319a0,0x00000000da100000)
  from space 5120K, 99% used [0x00000000da100000,0x00000000da5ff210,0x00000000da600000)
  to   space 7680K, 0% used [0x00000000de880000,0x00000000de880000,0x00000000df000000)
 ParOldGen       total 86016K, used 3260K [0x0000000082200000, 0x0000000087600000, 0x00000000d6100000)
  object space 86016K, 3% used [0x0000000082200000,0x000000008252f238,0x0000000087600000)
 Metaspace       used 20595K, capacity 21042K, committed 21248K, reserved 1067008K
  class space    used 2591K, capacity 2722K, committed 2816K, reserved 1048576K
Event: 181.100 GC heap after
Heap after GC invocations=6 (full 0):
 PSYoungGen      total 137728K, used 7312K [0x00000000d6100000, 0x00000000df200000, 0x0000000100000000)
  eden space 130048K, 0% used [0x00000000d6100000,0x00000000d6100000,0x00000000de000000)
  from space 7680K, 95% used [0x00000000de880000,0x00000000defa4280,0x00000000df000000)
  to   space 8704K, 0% used [0x00000000de000000,0x00000000de000000,0x00000000de880000)
 ParOldGen       total 86016K, used 3268K [0x0000000082200000, 0x0000000087600000, 0x00000000d6100000)
  object space 86016K, 3% used [0x0000000082200000,0x0000000082531238,0x0000000087600000)
 Metaspace       used 20595K, capacity 21042K, committed 21248K, reserved 1067008K
  class space    used 2591K, capacity 2722K, committed 2816K, reserved 1048576K
}
Event: 181.101 GC heap before
{Heap before GC invocations=7 (full 1):
 PSYoungGen      total 137728K, used 7312K [0x00000000d6100000, 0x00000000df200000, 0x0000000100000000)
  eden space 130048K, 0% used [0x00000000d6100000,0x00000000d6100000,0x00000000de000000)
  from space 7680K, 95% used [0x00000000de880000,0x00000000defa4280,0x00000000df000000)
  to   space 8704K, 0% used [0x00000000de000000,0x00000000de000000,0x00000000de880000)
 ParOldGen       total 86016K, used 3268K [0x0000000082200000, 0x0000000087600000, 0x00000000d6100000)
  object space 86016K, 3% used [0x0000000082200000,0x0000000082531238,0x0000000087600000)
 Metaspace       used 20595K, capacity 21042K, committed 21248K, reserved 1067008K
  class space    used 2591K, capacity 2722K, committed 2816K, reserved 1048576K
Event: 181.371 GC heap after
Heap after GC invocations=7 (full 1):
 PSYoungGen      total 137728K, used 0K [0x00000000d6100000, 0x00000000df200000, 0x0000000100000000)
  eden space 130048K, 0% used [0x00000000d6100000,0x00000000d6100000,0x00000000de000000)
  from space 7680K, 0% used [0x00000000de880000,0x00000000de880000,0x00000000df000000)
  to   space 8704K, 0% used [0x00000000de000000,0x00000000de000000,0x00000000de880000)
 ParOldGen       total 41984K, used 7028K [0x0000000082200000, 0x0000000084b00000, 0x00000000d6100000)
  object space 41984K, 16% used [0x0000000082200000,0x00000000828dd2a8,0x0000000084b00000)
 Metaspace       used 20595K, capacity 21042K, committed 21248K, reserved 1067008K
  class space    used 2591K, capacity 2722K, committed 2816K, reserved 1048576K
}

