# JRE version: Java(TM) SE Runtime Environment (8.0_201-b09) (build 1.8.0_201-b09)
# Java VM: Java HotSpot(TM) 64-Bit Server VM (25.201-b09 mixed mode windows-amd64 compressed oops)
Heap:
 PSYoungGen      total 137728K, used 35000K [0x00000000d6100000, 0x00000000df200000, 0x0000000100000000)
  eden space 130048K, 26% used [0x00000000d6100000,0x00000000d832e3c8,0x00000000de000000)
  from space 7680K, 0% used [0x00000000de880000,0x00000000de880000,0x00000000df000000)
  to   space 8704K, 0% used [0x00000000de000000,0x00000000de000000,0x00000000de880000)
 ParOldGen       total 42496K, used 6454K [0x0000000082200000, 0x0000000084b80000, 0x00000000d6100000)
  object space 42496K, 15% used [0x0000000082200000,0x000000008284d958,0x0000000084b80000)
 Metaspace       used 23338K, capacity 23832K, committed 24192K, reserved 1073152K
  class space    used 2962K, capacity 3123K, committed 3200K, reserved 1048576K
GC Heap History (10 events):
Event: 141.913 GC heap before
{Heap before GC invocations=3 (full 0):
 PSYoungGen      total 37888K, used 35584K [0x00000000d6100000, 0x00000000dab00000, 0x0000000100000000)
  eden space 32768K, 100% used [0x00000000d6100000,0x00000000d8100000,0x00000000d8100000)
  from space 5120K, 55% used [0x00000000d8600000,0x00000000d88c03f0,0x00000000d8b00000)
  to   space 5120K, 0% used [0x00000000d8100000,0x00000000d8100000,0x00000000d8600000)
 ParOldGen       total 86016K, used 16K [0x0000000082200000, 0x0000000087600000, 0x00000000d6100000)
  object space 86016K, 0% used [0x0000000082200000,0x0000000082204000,0x0000000087600000)
 Metaspace       used 11527K, capacity 11838K, committed 11904K, reserved 1060864K
  class space    used 1307K, capacity 1406K, committed 1408K, reserved 1048576K
Event: 143.072 GC heap after
Heap after GC invocations=3 (full 0):
 PSYoungGen      total 37888K, used 4179K [0x00000000d6100000, 0x00000000dab00000, 0x0000000100000000)
  eden space 32768K, 0% used [0x00000000d6100000,0x00000000d6100000,0x00000000d8100000)
  from space 5120K, 81% used [0x00000000d8100000,0x00000000d8514d10,0x00000000d8600000)
  to   space 5120K, 0% used [0x00000000da600000,0x00000000da600000,0x00000000dab00000)
 ParOldGen       total 86016K, used 32K [0x0000000082200000, 0x0000000087600000, 0x00000000d6100000)
  object space 86016K, 0% used [0x0000000082200000,0x0000000082208000,0x0000000087600000)
 Metaspace       used 11527K, capacity 11838K, committed 11904K, reserved 1060864K
  class space    used 1307K, capacity 1406K, committed 1408K, reserved 1048576K
}
Event: 151.039 GC heap before
{Heap before GC invocations=4 (full 0):
 PSYoungGen      total 37888K, used 36947K [0x00000000d6100000, 0x00000000dab00000, 0x0000000100000000)
  eden space 32768K, 100% used [0x00000000d6100000,0x00000000d8100000,0x00000000d8100000)
  from space 5120K, 81% used [0x00000000d8100000,0x00000000d8514d10,0x00000000d8600000)
  to   space 5120K, 0% used [0x00000000da600000,0x00000000da600000,0x00000000dab00000)
 ParOldGen       total 86016K, used 32K [0x0000000082200000, 0x0000000087600000, 0x00000000d6100000)
  object space 86016K, 0% used [0x0000000082200000,0x0000000082208000,0x0000000087600000)
 Metaspace       used 13472K, capacity 13820K, committed 14080K, reserved 1060864K
  class space    used 1645K, capacity 1757K, committed 1792K, reserved 1048576K
Event: 151.046 GC heap after
Heap after GC invocations=4 (full 0):
 PSYoungGen      total 70656K, used 4538K [0x00000000d6100000, 0x00000000dab00000, 0x0000000100000000)
  eden space 65536K, 0% used [0x00000000d6100000,0x00000000d6100000,0x00000000da100000)
  from space 5120K, 88% used [0x00000000da600000,0x00000000daa6e828,0x00000000dab00000)
  to   space 5120K, 0% used [0x00000000da100000,0x00000000da100000,0x00000000da600000)
 ParOldGen       total 86016K, used 40K [0x0000000082200000, 0x0000000087600000, 0x00000000d6100000)
  object space 86016K, 0% used [0x0000000082200000,0x000000008220a000,0x0000000087600000)
 Metaspace       used 13472K, capacity 13820K, committed 14080K, reserved 1060864K
  class space    used 1645K, capacity 1757K, committed 1792K, reserved 1048576K
}
Event: 165.524 GC heap before
{Heap before GC invocations=5 (full 0):
 PSYoungGen      total 70656K, used 70074K [0x00000000d6100000, 0x00000000dab00000, 0x0000000100000000)
  eden space 65536K, 100% used [0x00000000d6100000,0x00000000da100000,0x00000000da100000)
  from space 5120K, 88% used [0x00000000da600000,0x00000000daa6e828,0x00000000dab00000)
  to   space 5120K, 0% used [0x00000000da100000,0x00000000da100000,0x00000000da600000)
 ParOldGen       total 86016K, used 40K [0x0000000082200000, 0x0000000087600000, 0x00000000d6100000)
  object space 86016K, 0% used [0x0000000082200000,0x000000008220a000,0x0000000087600000)
 Metaspace       used 17322K, capacity 17732K, committed 17920K, reserved 1064960K
  class space    used 2107K, capacity 2229K, committed 2304K, reserved 1048576K
Event: 166.652 GC heap after
Heap after GC invocations=5 (full 0):
 PSYoungGen      total 70656K, used 5118K [0x00000000d6100000, 0x00000000df000000, 0x0000000100000000)
  eden space 65536K, 0% used [0x00000000d6100000,0x00000000d6100000,0x00000000da100000)
  from space 5120K, 99% used [0x00000000da100000,0x00000000da5ffbc0,0x00000000da600000)
  to   space 7680K, 0% used [0x00000000de880000,0x00000000de880000,0x00000000df000000)
 ParOldGen       total 86016K, used 2616K [0x0000000082200000, 0x0000000087600000, 0x00000000d6100000)
  object space 86016K, 3% used [0x0000000082200000,0x000000008248e080,0x0000000087600000)
 Metaspace       used 17322K, capacity 17732K, committed 17920K, reserved 1064960K
  class space    used 2107K, capacity 2229K, committed 2304K, reserved 1048576K
}
Event: 254.466 GC heap before
{Heap before GC invocations=6 (full 0):
 PSYoungGen      total 70656K, used 41867K [0x00000000d6100000, 0x00000000df000000, 0x0000000100000000)
  eden space 65536K, 56% used [0x00000000d6100000,0x00000000d84e33b8,0x00000000da100000)
  from space 5120K, 99% used [0x00000000da100000,0x00000000da5ffbc0,0x00000000da600000)
  to   space 7680K, 0% used [0x00000000de880000,0x00000000de880000,0x00000000df000000)
 ParOldGen       total 86016K, used 2616K [0x0000000082200000, 0x0000000087600000, 0x00000000d6100000)
  object space 86016K, 3% used [0x0000000082200000,0x000000008248e080,0x0000000087600000)
 Metaspace       used 20673K, capacity 21118K, committed 21248K, reserved 1067008K
  class space    used 2578K, capacity 2738K, committed 2816K, reserved 1048576K
Event: 257.434 GC heap after
Heap after GC invocations=6 (full 0):
 PSYoungGen      total 137728K, used 6665K [0x00000000d6100000, 0x00000000df200000, 0x0000000100000000)
  eden space 130048K, 0% used [0x00000000d6100000,0x00000000d6100000,0x00000000de000000)
  from space 7680K, 86% used [0x00000000de880000,0x00000000def02530,0x00000000df000000)
  to   space 8704K, 0% used [0x00000000de000000,0x00000000de000000,0x00000000de880000)
 ParOldGen       total 86016K, used 2624K [0x0000000082200000, 0x0000000087600000, 0x00000000d6100000)
  object space 86016K, 3% used [0x0000000082200000,0x0000000082490080,0x0000000087600000)
 Metaspace       used 20673K, capacity 21118K, committed 21248K, reserved 1067008K
  class space    used 2578K, capacity 2738K, committed 2816K, reserved 1048576K
}
Event: 257.443 GC heap before
{Heap before GC invocations=7 (full 1):
 PSYoungGen      total 137728K, used 6665K [0x00000000d6100000, 0x00000000df200000, 0x0000000100000000)
  eden space 130048K, 0% used [0x00000000d6100000,0x00000000d6100000,0x00000000de000000)
  from space 7680K, 86% used [0x00000000de880000,0x00000000def02530,0x00000000df000000)
  to   space 8704K, 0% used [0x00000000de000000,0x00000000de000000,0x00000000de880000)
 ParOldGen       total 86016K, used 2624K [0x0000000082200000, 0x0000000087600000, 0x00000000d6100000)
  object space 86016K, 3% used [0x0000000082200000,0x0000000082490080,0x0000000087600000)
 Metaspace       used 20673K, capacity 21118K, committed 21248K, reserved 1067008K
  class space    used 2578K, capacity 2738K, committed 2816K, reserved 1048576K
Event: 258.244 GC heap after
Heap after GC invocations=7 (full 1):
 PSYoungGen      total 137728K, used 0K [0x00000000d6100000, 0x00000000df200000, 0x0000000100000000)
  eden space 130048K, 0% used [0x00000000d6100000,0x00000000d6100000,0x00000000de000000)
  from space 7680K, 0% used [0x00000000de880000,0x00000000de880000,0x00000000df000000)
  to   space 8704K, 0% used [0x00000000de000000,0x00000000de000000,0x00000000de880000)
 ParOldGen       total 42496K, used 6454K [0x0000000082200000, 0x0000000084b80000, 0x00000000d6100000)
  object space 42496K, 15% used [0x0000000082200000,0x000000008284d958,0x0000000084b80000)
 Metaspace       used 20673K, capacity 21118K, committed 21248K, reserved 1067008K
  class space    used 2578K, capacity 2738K, committed 2816K, reserved 1048576K
}

