# JRE version: Java(TM) SE Runtime Environment (8.0_201-b09) (build 1.8.0_201-b09)
# Java VM: Java HotSpot(TM) 64-Bit Server VM (25.201-b09 mixed mode windows-amd64 compressed oops)
Heap:
 PSYoungGen      total 261632K, used 138092K [0x00000000d6100000, 0x00000000e7200000, 0x0000000100000000)
  eden space 253952K, 51% used [0x00000000d6100000,0x00000000de07ffa8,0x00000000e5900000)
  from space 7680K, 98% used [0x00000000e6a80000,0x00000000e71db368,0x00000000e7200000)
  to   space 10240K, 0% used [0x00000000e5e00000,0x00000000e5e00000,0x00000000e6800000)
 ParOldGen       total 46080K, used 7365K [0x0000000082200000, 0x0000000084f00000, 0x00000000d6100000)
  object space 46080K, 15% used [0x0000000082200000,0x0000000082931690,0x0000000084f00000)
 Metaspace       used 30764K, capacity 31878K, committed 32128K, reserved 1077248K
  class space    used 3921K, capacity 4163K, committed 4224K, reserved 1048576K
GC Heap History (10 events):
Event: 123.594 GC heap before
{Heap before GC invocations=3 (full 0):
 PSYoungGen      total 70656K, used 68370K [0x00000000d6100000, 0x00000000dab00000, 0x0000000100000000)
  eden space 65536K, 100% used [0x00000000d6100000,0x00000000da100000,0x00000000da100000)
  from space 5120K, 55% used [0x00000000da600000,0x00000000da8c4888,0x00000000dab00000)
  to   space 5120K, 0% used [0x00000000da100000,0x00000000da100000,0x00000000da600000)
 ParOldGen       total 86016K, used 16K [0x0000000082200000, 0x0000000087600000, 0x00000000d6100000)
  object space 86016K, 0% used [0x0000000082200000,0x0000000082204000,0x0000000087600000)
 Metaspace       used 13589K, capacity 13976K, committed 14080K, reserved 1060864K
  class space    used 1649K, capacity 1765K, committed 1792K, reserved 1048576K
Event: 125.317 GC heap after
Heap after GC invocations=3 (full 0):
 PSYoungGen      total 70656K, used 5097K [0x00000000d6100000, 0x00000000deb00000, 0x0000000100000000)
  eden space 65536K, 0% used [0x00000000d6100000,0x00000000d6100000,0x00000000da100000)
  from space 5120K, 99% used [0x00000000da100000,0x00000000da5fa458,0x00000000da600000)
  to   space 5120K, 0% used [0x00000000de600000,0x00000000de600000,0x00000000deb00000)
 ParOldGen       total 86016K, used 892K [0x0000000082200000, 0x0000000087600000, 0x00000000d6100000)
  object space 86016K, 1% used [0x0000000082200000,0x00000000822df258,0x0000000087600000)
 Metaspace       used 13589K, capacity 13976K, committed 14080K, reserved 1060864K
  class space    used 1649K, capacity 1765K, committed 1792K, reserved 1048576K
}
Event: 138.608 GC heap before
{Heap before GC invocations=4 (full 0):
 PSYoungGen      total 70656K, used 70633K [0x00000000d6100000, 0x00000000deb00000, 0x0000000100000000)
  eden space 65536K, 100% used [0x00000000d6100000,0x00000000da100000,0x00000000da100000)
  from space 5120K, 99% used [0x00000000da100000,0x00000000da5fa458,0x00000000da600000)
  to   space 5120K, 0% used [0x00000000de600000,0x00000000de600000,0x00000000deb00000)
 ParOldGen       total 86016K, used 892K [0x0000000082200000, 0x0000000087600000, 0x00000000d6100000)
  object space 86016K, 1% used [0x0000000082200000,0x00000000822df258,0x0000000087600000)
 Metaspace       used 17403K, capacity 17858K, committed 18048K, reserved 1064960K
  class space    used 2185K, capacity 2346K, committed 2432K, reserved 1048576K
Event: 139.342 GC heap after
Heap after GC invocations=4 (full 0):
 PSYoungGen      total 136192K, used 5118K [0x00000000d6100000, 0x00000000deb00000, 0x0000000100000000)
  eden space 131072K, 0% used [0x00000000d6100000,0x00000000d6100000,0x00000000de100000)
  from space 5120K, 99% used [0x00000000de600000,0x00000000deaff8d0,0x00000000deb00000)
  to   space 5120K, 0% used [0x00000000de100000,0x00000000de100000,0x00000000de600000)
 ParOldGen       total 86016K, used 3157K [0x0000000082200000, 0x0000000087600000, 0x00000000d6100000)
  object space 86016K, 3% used [0x0000000082200000,0x00000000825156e8,0x0000000087600000)
 Metaspace       used 17403K, capacity 17858K, committed 18048K, reserved 1064960K
  class space    used 2185K, capacity 2346K, committed 2432K, reserved 1048576K
}
Event: 145.234 GC heap before
{Heap before GC invocations=5 (full 0):
 PSYoungGen      total 136192K, used 59195K [0x00000000d6100000, 0x00000000deb00000, 0x0000000100000000)
  eden space 131072K, 41% used [0x00000000d6100000,0x00000000d95cf5b0,0x00000000de100000)
  from space 5120K, 99% used [0x00000000de600000,0x00000000deaff8d0,0x00000000deb00000)
  to   space 5120K, 0% used [0x00000000de100000,0x00000000de100000,0x00000000de600000)
 ParOldGen       total 86016K, used 3157K [0x0000000082200000, 0x0000000087600000, 0x00000000d6100000)
  object space 86016K, 3% used [0x0000000082200000,0x00000000825156e8,0x0000000087600000)
 Metaspace       used 20691K, capacity 21154K, committed 21248K, reserved 1067008K
  class space    used 2624K, capacity 2780K, committed 2816K, reserved 1048576K
Event: 145.540 GC heap after
Heap after GC invocations=5 (full 0):
 PSYoungGen      total 136192K, used 5104K [0x00000000d6100000, 0x00000000e7400000, 0x0000000100000000)
  eden space 131072K, 0% used [0x00000000d6100000,0x00000000d6100000,0x00000000de100000)
  from space 5120K, 99% used [0x00000000de100000,0x00000000de5fc378,0x00000000de600000)
  to   space 9728K, 0% used [0x00000000e6a80000,0x00000000e6a80000,0x00000000e7400000)
 ParOldGen       total 86016K, used 5639K [0x0000000082200000, 0x0000000087600000, 0x00000000d6100000)
  object space 86016K, 6% used [0x0000000082200000,0x0000000082781dc8,0x0000000087600000)
 Metaspace       used 20691K, capacity 21154K, committed 21248K, reserved 1067008K
  class space    used 2624K, capacity 2780K, committed 2816K, reserved 1048576K
}
Event: 145.540 GC heap before
{Heap before GC invocations=6 (full 1):
 PSYoungGen      total 136192K, used 5104K [0x00000000d6100000, 0x00000000e7400000, 0x0000000100000000)
  eden space 131072K, 0% used [0x00000000d6100000,0x00000000d6100000,0x00000000de100000)
  from space 5120K, 99% used [0x00000000de100000,0x00000000de5fc378,0x00000000de600000)
  to   space 9728K, 0% used [0x00000000e6a80000,0x00000000e6a80000,0x00000000e7400000)
 ParOldGen       total 86016K, used 5639K [0x0000000082200000, 0x0000000087600000, 0x00000000d6100000)
  object space 86016K, 6% used [0x0000000082200000,0x0000000082781dc8,0x0000000087600000)
 Metaspace       used 20691K, capacity 21154K, committed 21248K, reserved 1067008K
  class space    used 2624K, capacity 2780K, committed 2816K, reserved 1048576K
Event: 146.189 GC heap after
Heap after GC invocations=6 (full 1):
 PSYoungGen      total 136192K, used 0K [0x00000000d6100000, 0x00000000e7400000, 0x0000000100000000)
  eden space 131072K, 0% used [0x00000000d6100000,0x00000000d6100000,0x00000000de100000)
  from space 5120K, 0% used [0x00000000de100000,0x00000000de100000,0x00000000de600000)
  to   space 9728K, 0% used [0x00000000e6a80000,0x00000000e6a80000,0x00000000e7400000)
 ParOldGen       total 46080K, used 7357K [0x0000000082200000, 0x0000000084f00000, 0x00000000d6100000)
  object space 46080K, 15% used [0x0000000082200000,0x000000008292f690,0x0000000084f00000)
 Metaspace       used 20689K, capacity 21148K, committed 21248K, reserved 1067008K
  class space    used 2623K, capacity 2779K, committed 2816K, reserved 1048576K
}
Event: 195.952 GC heap before
{Heap before GC invocations=7 (full 1):
 PSYoungGen      total 136192K, used 131072K [0x00000000d6100000, 0x00000000e7400000, 0x0000000100000000)
  eden space 131072K, 100% used [0x00000000d6100000,0x00000000de100000,0x00000000de100000)
  from space 5120K, 0% used [0x00000000de100000,0x00000000de100000,0x00000000de600000)
  to   space 9728K, 0% used [0x00000000e6a80000,0x00000000e6a80000,0x00000000e7400000)
 ParOldGen       total 46080K, used 7357K [0x0000000082200000, 0x0000000084f00000, 0x00000000d6100000)
  object space 46080K, 15% used [0x0000000082200000,0x000000008292f690,0x0000000084f00000)
 Metaspace       used 25684K, capacity 26448K, committed 26624K, reserved 1073152K
  class space    used 3238K, capacity 3460K, committed 3584K, reserved 1048576K
Event: 199.664 GC heap after
Heap after GC invocations=7 (full 1):
 PSYoungGen      total 261632K, used 7532K [0x00000000d6100000, 0x00000000e7200000, 0x0000000100000000)
  eden space 253952K, 0% used [0x00000000d6100000,0x00000000d6100000,0x00000000e5900000)
  from space 7680K, 98% used [0x00000000e6a80000,0x00000000e71db368,0x00000000e7200000)
  to   space 10240K, 0% used [0x00000000e5e00000,0x00000000e5e00000,0x00000000e6800000)
 ParOldGen       total 46080K, used 7365K [0x0000000082200000, 0x0000000084f00000, 0x00000000d6100000)
  object space 46080K, 15% used [0x0000000082200000,0x0000000082931690,0x0000000084f00000)
 Metaspace       used 25684K, capacity 26448K, committed 26624K, reserved 1073152K
  class space    used 3238K, capacity 3460K, committed 3584K, reserved 1048576K
}

