# JRE version: Java(TM) SE Runtime Environment (8.0_201-b09) (build 1.8.0_201-b09)
# Java VM: Java HotSpot(TM) 64-Bit Server VM (25.201-b09 mixed mode windows-amd64 compressed oops)
Heap:
 PSYoungGen      total 70656K, used 26724K [0x00000000d6100000, 0x00000000dab00000, 0x0000000100000000)
  eden space 65536K, 33% used [0x00000000d6100000,0x00000000d76a66a8,0x00000000da100000)
  from space 5120K, 88% used [0x00000000da600000,0x00000000daa72c58,0x00000000dab00000)
  to   space 5120K, 0% used [0x00000000da100000,0x00000000da100000,0x00000000da600000)
 ParOldGen       total 86016K, used 32K [0x0000000082200000, 0x0000000087600000, 0x00000000d6100000)
  object space 86016K, 0% used [0x0000000082200000,0x0000000082208000,0x0000000087600000)
 Metaspace       used 14499K, capacity 14860K, committed 15104K, reserved 1062912K
  class space    used 1804K, capacity 1929K, committed 2048K, reserved 1048576K
GC Heap History (8 events):
Event: 133.307 GC heap before
{Heap before GC invocations=1 (full 0):
 PSYoungGen      total 37888K, used 32768K [0x00000000d6100000, 0x00000000d8b00000, 0x0000000100000000)
  eden space 32768K, 100% used [0x00000000d6100000,0x00000000d8100000,0x00000000d8100000)
  from space 5120K, 0% used [0x00000000d8600000,0x00000000d8600000,0x00000000d8b00000)
  to   space 5120K, 0% used [0x00000000d8100000,0x00000000d8100000,0x00000000d8600000)
 ParOldGen       total 86016K, used 0K [0x0000000082200000, 0x0000000087600000, 0x00000000d6100000)
  object space 86016K, 0% used [0x0000000082200000,0x0000000082200000,0x0000000087600000)
 Metaspace       used 8611K, capacity 8768K, committed 9088K, reserved 1056768K
  class space    used 949K, capacity 1028K, committed 1152K, reserved 1048576K
Event: 134.095 GC heap after
Heap after GC invocations=1 (full 0):
 PSYoungGen      total 37888K, used 3597K [0x00000000d6100000, 0x00000000d8b00000, 0x0000000100000000)
  eden space 32768K, 0% used [0x00000000d6100000,0x00000000d6100000,0x00000000d8100000)
  from space 5120K, 70% used [0x00000000d8100000,0x00000000d84834e8,0x00000000d8600000)
  to   space 5120K, 0% used [0x00000000d8600000,0x00000000d8600000,0x00000000d8b00000)
 ParOldGen       total 86016K, used 16K [0x0000000082200000, 0x0000000087600000, 0x00000000d6100000)
  object space 86016K, 0% used [0x0000000082200000,0x0000000082204000,0x0000000087600000)
 Metaspace       used 8611K, capacity 8768K, committed 9088K, reserved 1056768K
  class space    used 949K, capacity 1028K, committed 1152K, reserved 1048576K
}
Event: 136.891 GC heap before
{Heap before GC invocations=2 (full 0):
 PSYoungGen      total 37888K, used 36338K [0x00000000d6100000, 0x00000000d8b00000, 0x0000000100000000)
  eden space 32768K, 99% used [0x00000000d6100000,0x00000000d80f95e0,0x00000000d8100000)
  from space 5120K, 70% used [0x00000000d8100000,0x00000000d84834e8,0x00000000d8600000)
  to   space 5120K, 0% used [0x00000000d8600000,0x00000000d8600000,0x00000000d8b00000)
 ParOldGen       total 86016K, used 16K [0x0000000082200000, 0x0000000087600000, 0x00000000d6100000)
  object space 86016K, 0% used [0x0000000082200000,0x0000000082204000,0x0000000087600000)
 Metaspace       used 8745K, capacity 8896K, committed 9088K, reserved 1056768K
  class space    used 960K, capacity 1028K, committed 1152K, reserved 1048576K
Event: 138.073 GC heap after
Heap after GC invocations=2 (full 0):
 PSYoungGen      total 37888K, used 2773K [0x00000000d6100000, 0x00000000dab00000, 0x0000000100000000)
  eden space 32768K, 0% used [0x00000000d6100000,0x00000000d6100000,0x00000000d8100000)
  from space 5120K, 54% used [0x00000000d8600000,0x00000000d88b5558,0x00000000d8b00000)
  to   space 5120K, 0% used [0x00000000d8100000,0x00000000d8100000,0x00000000d8600000)
 ParOldGen       total 86016K, used 16K [0x0000000082200000, 0x0000000087600000, 0x00000000d6100000)
  object space 86016K, 0% used [0x0000000082200000,0x0000000082204000,0x0000000087600000)
 Metaspace       used 8745K, capacity 8896K, committed 9088K, reserved 1056768K
  class space    used 960K, capacity 1028K, committed 1152K, reserved 1048576K
}
Event: 165.959 GC heap before
{Heap before GC invocations=3 (full 0):
 PSYoungGen      total 37888K, used 35468K [0x00000000d6100000, 0x00000000dab00000, 0x0000000100000000)
  eden space 32768K, 99% used [0x00000000d6100000,0x00000000d80ede88,0x00000000d8100000)
  from space 5120K, 54% used [0x00000000d8600000,0x00000000d88b5558,0x00000000d8b00000)
  to   space 5120K, 0% used [0x00000000d8100000,0x00000000d8100000,0x00000000d8600000)
 ParOldGen       total 86016K, used 16K [0x0000000082200000, 0x0000000087600000, 0x00000000d6100000)
  object space 86016K, 0% used [0x0000000082200000,0x0000000082204000,0x0000000087600000)
 Metaspace       used 11503K, capacity 11758K, committed 11904K, reserved 1060864K
  class space    used 1297K, capacity 1402K, committed 1408K, reserved 1048576K
Event: 166.669 GC heap after
Heap after GC invocations=3 (full 0):
 PSYoungGen      total 37888K, used 4293K [0x00000000d6100000, 0x00000000dab00000, 0x0000000100000000)
  eden space 32768K, 0% used [0x00000000d6100000,0x00000000d6100000,0x00000000d8100000)
  from space 5120K, 83% used [0x00000000d8100000,0x00000000d8531608,0x00000000d8600000)
  to   space 5120K, 0% used [0x00000000da600000,0x00000000da600000,0x00000000dab00000)
 ParOldGen       total 86016K, used 24K [0x0000000082200000, 0x0000000087600000, 0x00000000d6100000)
  object space 86016K, 0% used [0x0000000082200000,0x0000000082206000,0x0000000087600000)
 Metaspace       used 11503K, capacity 11758K, committed 11904K, reserved 1060864K
  class space    used 1297K, capacity 1402K, committed 1408K, reserved 1048576K
}
Event: 177.248 GC heap before
{Heap before GC invocations=4 (full 0):
 PSYoungGen      total 37888K, used 37061K [0x00000000d6100000, 0x00000000dab00000, 0x0000000100000000)
  eden space 32768K, 100% used [0x00000000d6100000,0x00000000d8100000,0x00000000d8100000)
  from space 5120K, 83% used [0x00000000d8100000,0x00000000d8531608,0x00000000d8600000)
  to   space 5120K, 0% used [0x00000000da600000,0x00000000da600000,0x00000000dab00000)
 ParOldGen       total 86016K, used 24K [0x0000000082200000, 0x0000000087600000, 0x00000000d6100000)
  object space 86016K, 0% used [0x0000000082200000,0x0000000082206000,0x0000000087600000)
 Metaspace       used 13507K, capacity 13820K, committed 14080K, reserved 1060864K
  class space    used 1646K, capacity 1757K, committed 1792K, reserved 1048576K
Event: 177.545 GC heap after
Heap after GC invocations=4 (full 0):
 PSYoungGen      total 70656K, used 4555K [0x00000000d6100000, 0x00000000dab00000, 0x0000000100000000)
  eden space 65536K, 0% used [0x00000000d6100000,0x00000000d6100000,0x00000000da100000)
  from space 5120K, 88% used [0x00000000da600000,0x00000000daa72c58,0x00000000dab00000)
  to   space 5120K, 0% used [0x00000000da100000,0x00000000da100000,0x00000000da600000)
 ParOldGen       total 86016K, used 32K [0x0000000082200000, 0x0000000087600000, 0x00000000d6100000)
  object space 86016K, 0% used [0x0000000082200000,0x0000000082208000,0x0000000087600000)
 Metaspace       used 13507K, capacity 13820K, committed 14080K, reserved 1060864K
  class space    used 1646K, capacity 1757K, committed 1792K, reserved 1048576K
}

