# JRE version: Java(TM) SE Runtime Environment (8.0_201-b09) (build 1.8.0_201-b09)
# Java VM: Java HotSpot(TM) 64-Bit Server VM (25.201-b09 mixed mode windows-amd64 compressed oops)
Heap:
 PSYoungGen      total 125952K, used 63795K [0x00000000d6100000, 0x00000000de480000, 0x0000000100000000)
  eden space 119296K, 49% used [0x00000000d6100000,0x00000000d9b0d020,0x00000000dd580000)
  from space 6656K, 65% used [0x00000000dde00000,0x00000000de23ff50,0x00000000de480000)
  to   space 7680K, 0% used [0x00000000dd580000,0x00000000dd580000,0x00000000ddd00000)
 ParOldGen       total 43008K, used 6098K [0x0000000082200000, 0x0000000084c00000, 0x00000000d6100000)
  object space 43008K, 14% used [0x0000000082200000,0x00000000827f4b48,0x0000000084c00000)
 Metaspace       used 26835K, capacity 27680K, committed 27776K, reserved 1073152K
  class space    used 3400K, capacity 3618K, committed 3712K, reserved 1048576K
GC Heap History (10 events):
Event: 182.346 GC heap before
{Heap before GC invocations=5 (full 0):
 PSYoungGen      total 70656K, used 70071K [0x00000000d6100000, 0x00000000dab00000, 0x0000000100000000)
  eden space 65536K, 100% used [0x00000000d6100000,0x00000000da100000,0x00000000da100000)
  from space 5120K, 88% used [0x00000000da600000,0x00000000daa6df30,0x00000000dab00000)
  to   space 5120K, 0% used [0x00000000da100000,0x00000000da100000,0x00000000da600000)
 ParOldGen       total 86016K, used 32K [0x0000000082200000, 0x0000000087600000, 0x00000000d6100000)
  object space 86016K, 0% used [0x0000000082200000,0x0000000082208000,0x0000000087600000)
 Metaspace       used 17320K, capacity 17732K, committed 17920K, reserved 1064960K
  class space    used 2104K, capacity 2229K, committed 2304K, reserved 1048576K
Event: 184.546 GC heap after
Heap after GC invocations=5 (full 0):
 PSYoungGen      total 70656K, used 5110K [0x00000000d6100000, 0x00000000dab00000, 0x0000000100000000)
  eden space 65536K, 0% used [0x00000000d6100000,0x00000000d6100000,0x00000000da100000)
  from space 5120K, 99% used [0x00000000da100000,0x00000000da5fda48,0x00000000da600000)
  to   space 5120K, 0% used [0x00000000da600000,0x00000000da600000,0x00000000dab00000)
 ParOldGen       total 86016K, used 2425K [0x0000000082200000, 0x0000000087600000, 0x00000000d6100000)
  object space 86016K, 2% used [0x0000000082200000,0x000000008245e520,0x0000000087600000)
 Metaspace       used 17320K, capacity 17732K, committed 17920K, reserved 1064960K
  class space    used 2104K, capacity 2229K, committed 2304K, reserved 1048576K
}
Event: 190.206 GC heap before
{Heap before GC invocations=6 (full 0):
 PSYoungGen      total 70656K, used 33302K [0x00000000d6100000, 0x00000000dab00000, 0x0000000100000000)
  eden space 65536K, 43% used [0x00000000d6100000,0x00000000d7c880a0,0x00000000da100000)
  from space 5120K, 99% used [0x00000000da100000,0x00000000da5fda48,0x00000000da600000)
  to   space 5120K, 0% used [0x00000000da600000,0x00000000da600000,0x00000000dab00000)
 ParOldGen       total 86016K, used 2425K [0x0000000082200000, 0x0000000087600000, 0x00000000d6100000)
  object space 86016K, 2% used [0x0000000082200000,0x000000008245e520,0x0000000087600000)
 Metaspace       used 20614K, capacity 21092K, committed 21248K, reserved 1067008K
  class space    used 2565K, capacity 2707K, committed 2816K, reserved 1048576K
Event: 190.508 GC heap after
Heap after GC invocations=6 (full 0):
 PSYoungGen      total 67584K, used 5105K [0x00000000d6100000, 0x00000000df100000, 0x0000000100000000)
  eden space 62464K, 0% used [0x00000000d6100000,0x00000000d6100000,0x00000000d9e00000)
  from space 5120K, 99% used [0x00000000da600000,0x00000000daafc480,0x00000000dab00000)
  to   space 8192K, 0% used [0x00000000d9e00000,0x00000000d9e00000,0x00000000da600000)
 ParOldGen       total 86016K, used 3585K [0x0000000082200000, 0x0000000087600000, 0x00000000d6100000)
  object space 86016K, 4% used [0x0000000082200000,0x00000000825807e0,0x0000000087600000)
 Metaspace       used 20614K, capacity 21092K, committed 21248K, reserved 1067008K
  class space    used 2565K, capacity 2707K, committed 2816K, reserved 1048576K
}
Event: 190.508 GC heap before
{Heap before GC invocations=7 (full 1):
 PSYoungGen      total 67584K, used 5105K [0x00000000d6100000, 0x00000000df100000, 0x0000000100000000)
  eden space 62464K, 0% used [0x00000000d6100000,0x00000000d6100000,0x00000000d9e00000)
  from space 5120K, 99% used [0x00000000da600000,0x00000000daafc480,0x00000000dab00000)
  to   space 8192K, 0% used [0x00000000d9e00000,0x00000000d9e00000,0x00000000da600000)
 ParOldGen       total 86016K, used 3585K [0x0000000082200000, 0x0000000087600000, 0x00000000d6100000)
  object space 86016K, 4% used [0x0000000082200000,0x00000000825807e0,0x0000000087600000)
 Metaspace       used 20614K, capacity 21092K, committed 21248K, reserved 1067008K
  class space    used 2565K, capacity 2707K, committed 2816K, reserved 1048576K
Event: 191.997 GC heap after
Heap after GC invocations=7 (full 1):
 PSYoungGen      total 67584K, used 0K [0x00000000d6100000, 0x00000000df100000, 0x0000000100000000)
  eden space 62464K, 0% used [0x00000000d6100000,0x00000000d6100000,0x00000000d9e00000)
  from space 5120K, 0% used [0x00000000da600000,0x00000000da600000,0x00000000dab00000)
  to   space 8192K, 0% used [0x00000000d9e00000,0x00000000d9e00000,0x00000000da600000)
 ParOldGen       total 43008K, used 6090K [0x0000000082200000, 0x0000000084c00000, 0x00000000d6100000)
  object space 43008K, 14% used [0x0000000082200000,0x00000000827f2b48,0x0000000084c00000)
 Metaspace       used 20614K, capacity 21092K, committed 21248K, reserved 1067008K
  class space    used 2565K, capacity 2707K, committed 2816K, reserved 1048576K
}
Event: 234.534 GC heap before
{Heap before GC invocations=8 (full 1):
 PSYoungGen      total 67584K, used 62464K [0x00000000d6100000, 0x00000000df100000, 0x0000000100000000)
  eden space 62464K, 100% used [0x00000000d6100000,0x00000000d9e00000,0x00000000d9e00000)
  from space 5120K, 0% used [0x00000000da600000,0x00000000da600000,0x00000000dab00000)
  to   space 8192K, 0% used [0x00000000d9e00000,0x00000000d9e00000,0x00000000da600000)
 ParOldGen       total 43008K, used 6090K [0x0000000082200000, 0x0000000084c00000, 0x00000000d6100000)
  object space 43008K, 14% used [0x0000000082200000,0x00000000827f2b48,0x0000000084c00000)
 Metaspace       used 24283K, capacity 24846K, committed 25088K, reserved 1071104K
  class space    used 3042K, capacity 3222K, committed 3328K, reserved 1048576K
Event: 235.321 GC heap after
Heap after GC invocations=8 (full 1):
 PSYoungGen      total 70656K, used 4280K [0x00000000d6100000, 0x00000000de580000, 0x0000000100000000)
  eden space 62464K, 0% used [0x00000000d6100000,0x00000000d6100000,0x00000000d9e00000)
  from space 8192K, 52% used [0x00000000d9e00000,0x00000000da22e328,0x00000000da600000)
  to   space 7680K, 0% used [0x00000000dde00000,0x00000000dde00000,0x00000000de580000)
 ParOldGen       total 43008K, used 6090K [0x0000000082200000, 0x0000000084c00000, 0x00000000d6100000)
  object space 43008K, 14% used [0x0000000082200000,0x00000000827f2b48,0x0000000084c00000)
 Metaspace       used 24283K, capacity 24846K, committed 25088K, reserved 1071104K
  class space    used 3042K, capacity 3222K, committed 3328K, reserved 1048576K
}
Event: 254.122 GC heap before
{Heap before GC invocations=9 (full 1):
 PSYoungGen      total 70656K, used 66700K [0x00000000d6100000, 0x00000000de580000, 0x0000000100000000)
  eden space 62464K, 99% used [0x00000000d6100000,0x00000000d9df4f88,0x00000000d9e00000)
  from space 8192K, 52% used [0x00000000d9e00000,0x00000000da22e328,0x00000000da600000)
  to   space 7680K, 0% used [0x00000000dde00000,0x00000000dde00000,0x00000000de580000)
 ParOldGen       total 43008K, used 6090K [0x0000000082200000, 0x0000000084c00000, 0x00000000d6100000)
  object space 43008K, 14% used [0x0000000082200000,0x00000000827f2b48,0x0000000084c00000)
 Metaspace       used 25441K, capacity 26112K, committed 26240K, reserved 1073152K
  class space    used 3200K, capacity 3416K, committed 3456K, reserved 1048576K
Event: 254.407 GC heap after
Heap after GC invocations=9 (full 1):
 PSYoungGen      total 125952K, used 4351K [0x00000000d6100000, 0x00000000de480000, 0x0000000100000000)
  eden space 119296K, 0% used [0x00000000d6100000,0x00000000d6100000,0x00000000dd580000)
  from space 6656K, 65% used [0x00000000dde00000,0x00000000de23ff50,0x00000000de480000)
  to   space 7680K, 0% used [0x00000000dd580000,0x00000000dd580000,0x00000000ddd00000)
 ParOldGen       total 43008K, used 6098K [0x0000000082200000, 0x0000000084c00000, 0x00000000d6100000)
  object space 43008K, 14% used [0x0000000082200000,0x00000000827f4b48,0x0000000084c00000)
 Metaspace       used 25441K, capacity 26112K, committed 26240K, reserved 1073152K
  class space    used 3200K, capacity 3416K, committed 3456K, reserved 1048576K
}

