# JRE version: Java(TM) SE Runtime Environment (8.0_201-b09) (build 1.8.0_201-b09)
# Java VM: Java HotSpot(TM) 64-Bit Server VM (25.201-b09 mixed mode windows-amd64 compressed oops)
Heap:
 PSYoungGen      total 252416K, used 43473K [0x00000000d6100000, 0x00000000e6400000, 0x0000000100000000)
  eden space 242688K, 13% used [0x00000000d6100000,0x00000000d81fba60,0x00000000e4e00000)
  from space 9728K, 99% used [0x00000000e5a00000,0x00000000e63789f0,0x00000000e6380000)
  to   space 11264K, 0% used [0x00000000e4e00000,0x00000000e4e00000,0x00000000e5900000)
 ParOldGen       total 44544K, used 8360K [0x0000000082200000, 0x0000000084d80000, 0x00000000d6100000)
  object space 44544K, 18% used [0x0000000082200000,0x0000000082a2a058,0x0000000084d80000)
 Metaspace       used 32334K, capacity 33876K, committed 34048K, reserved 1079296K
  class space    used 4163K, capacity 4482K, committed 4608K, reserved 1048576K
GC Heap History (10 events):
Event: 191.269 GC heap before
{Heap before GC invocations=5 (full 0):
 PSYoungGen      total 70656K, used 70233K [0x00000000d6100000, 0x00000000dab00000, 0x0000000100000000)
  eden space 65536K, 100% used [0x00000000d6100000,0x00000000da100000,0x00000000da100000)
  from space 5120K, 91% used [0x00000000da600000,0x00000000daa966a0,0x00000000dab00000)
  to   space 5120K, 0% used [0x00000000da100000,0x00000000da100000,0x00000000da600000)
 ParOldGen       total 86016K, used 24K [0x0000000082200000, 0x0000000087600000, 0x00000000d6100000)
  object space 86016K, 0% used [0x0000000082200000,0x0000000082206000,0x0000000087600000)
 Metaspace       used 17479K, capacity 17934K, committed 18048K, reserved 1064960K
  class space    used 2256K, capacity 2390K, committed 2432K, reserved 1048576K
Event: 191.618 GC heap after
Heap after GC invocations=5 (full 0):
 PSYoungGen      total 70656K, used 5112K [0x00000000d6100000, 0x00000000df000000, 0x0000000100000000)
  eden space 65536K, 0% used [0x00000000d6100000,0x00000000d6100000,0x00000000da100000)
  from space 5120K, 99% used [0x00000000da100000,0x00000000da5fe1d0,0x00000000da600000)
  to   space 7680K, 0% used [0x00000000de880000,0x00000000de880000,0x00000000df000000)
 ParOldGen       total 86016K, used 2162K [0x0000000082200000, 0x0000000087600000, 0x00000000d6100000)
  object space 86016K, 2% used [0x0000000082200000,0x000000008241c868,0x0000000087600000)
 Metaspace       used 17479K, capacity 17934K, committed 18048K, reserved 1064960K
  class space    used 2256K, capacity 2390K, committed 2432K, reserved 1048576K
}
Event: 193.637 GC heap before
{Heap before GC invocations=6 (full 0):
 PSYoungGen      total 70656K, used 51455K [0x00000000d6100000, 0x00000000df000000, 0x0000000100000000)
  eden space 65536K, 70% used [0x00000000d6100000,0x00000000d8e41d28,0x00000000da100000)
  from space 5120K, 99% used [0x00000000da100000,0x00000000da5fe1d0,0x00000000da600000)
  to   space 7680K, 0% used [0x00000000de880000,0x00000000de880000,0x00000000df000000)
 ParOldGen       total 86016K, used 2162K [0x0000000082200000, 0x0000000087600000, 0x00000000d6100000)
  object space 86016K, 2% used [0x0000000082200000,0x000000008241c868,0x0000000087600000)
 Metaspace       used 20614K, capacity 21056K, committed 21248K, reserved 1067008K
  class space    used 2573K, capacity 2723K, committed 2816K, reserved 1048576K
Event: 193.768 GC heap after
Heap after GC invocations=6 (full 0):
 PSYoungGen      total 137728K, used 7303K [0x00000000d6100000, 0x00000000df200000, 0x0000000100000000)
  eden space 130048K, 0% used [0x00000000d6100000,0x00000000d6100000,0x00000000de000000)
  from space 7680K, 95% used [0x00000000de880000,0x00000000defa1c10,0x00000000df000000)
  to   space 8704K, 0% used [0x00000000de000000,0x00000000de000000,0x00000000de880000)
 ParOldGen       total 86016K, used 2162K [0x0000000082200000, 0x0000000087600000, 0x00000000d6100000)
  object space 86016K, 2% used [0x0000000082200000,0x000000008241c868,0x0000000087600000)
 Metaspace       used 20614K, capacity 21056K, committed 21248K, reserved 1067008K
  class space    used 2573K, capacity 2723K, committed 2816K, reserved 1048576K
}
Event: 193.778 GC heap before
{Heap before GC invocations=7 (full 1):
 PSYoungGen      total 137728K, used 7303K [0x00000000d6100000, 0x00000000df200000, 0x0000000100000000)
  eden space 130048K, 0% used [0x00000000d6100000,0x00000000d6100000,0x00000000de000000)
  from space 7680K, 95% used [0x00000000de880000,0x00000000defa1c10,0x00000000df000000)
  to   space 8704K, 0% used [0x00000000de000000,0x00000000de000000,0x00000000de880000)
 ParOldGen       total 86016K, used 2162K [0x0000000082200000, 0x0000000087600000, 0x00000000d6100000)
  object space 86016K, 2% used [0x0000000082200000,0x000000008241c868,0x0000000087600000)
 Metaspace       used 20614K, capacity 21056K, committed 21248K, reserved 1067008K
  class space    used 2573K, capacity 2723K, committed 2816K, reserved 1048576K
Event: 195.521 GC heap after
Heap after GC invocations=7 (full 1):
 PSYoungGen      total 137728K, used 0K [0x00000000d6100000, 0x00000000df200000, 0x0000000100000000)
  eden space 130048K, 0% used [0x00000000d6100000,0x00000000d6100000,0x00000000de000000)
  from space 7680K, 0% used [0x00000000de880000,0x00000000de880000,0x00000000df000000)
  to   space 8704K, 0% used [0x00000000de000000,0x00000000de000000,0x00000000de880000)
 ParOldGen       total 44544K, used 7104K [0x0000000082200000, 0x0000000084d80000, 0x00000000d6100000)
  object space 44544K, 15% used [0x0000000082200000,0x00000000828f0230,0x0000000084d80000)
 Metaspace       used 20614K, capacity 21056K, committed 21248K, reserved 1067008K
  class space    used 2573K, capacity 2723K, committed 2816K, reserved 1048576K
}
Event: 209.717 GC heap before
{Heap before GC invocations=8 (full 1):
 PSYoungGen      total 137728K, used 130048K [0x00000000d6100000, 0x00000000df200000, 0x0000000100000000)
  eden space 130048K, 100% used [0x00000000d6100000,0x00000000de000000,0x00000000de000000)
  from space 7680K, 0% used [0x00000000de880000,0x00000000de880000,0x00000000df000000)
  to   space 8704K, 0% used [0x00000000de000000,0x00000000de000000,0x00000000de880000)
 ParOldGen       total 44544K, used 7104K [0x0000000082200000, 0x0000000084d80000, 0x00000000d6100000)
  object space 44544K, 15% used [0x0000000082200000,0x00000000828f0230,0x0000000084d80000)
 Metaspace       used 25618K, capacity 26314K, committed 26624K, reserved 1073152K
  class space    used 3233K, capacity 3459K, committed 3584K, reserved 1048576K
Event: 209.941 GC heap after
Heap after GC invocations=8 (full 1):
 PSYoungGen      total 138752K, used 7585K [0x00000000d6100000, 0x00000000e6380000, 0x0000000100000000)
  eden space 130048K, 0% used [0x00000000d6100000,0x00000000d6100000,0x00000000de000000)
  from space 8704K, 87% used [0x00000000de000000,0x00000000de768648,0x00000000de880000)
  to   space 9728K, 0% used [0x00000000e5a00000,0x00000000e5a00000,0x00000000e6380000)
 ParOldGen       total 44544K, used 7176K [0x0000000082200000, 0x0000000084d80000, 0x00000000d6100000)
  object space 44544K, 16% used [0x0000000082200000,0x0000000082902240,0x0000000084d80000)
 Metaspace       used 25618K, capacity 26314K, committed 26624K, reserved 1073152K
  class space    used 3233K, capacity 3459K, committed 3584K, reserved 1048576K
}
Event: 230.598 GC heap before
{Heap before GC invocations=9 (full 1):
 PSYoungGen      total 138752K, used 137633K [0x00000000d6100000, 0x00000000e6380000, 0x0000000100000000)
  eden space 130048K, 100% used [0x00000000d6100000,0x00000000de000000,0x00000000de000000)
  from space 8704K, 87% used [0x00000000de000000,0x00000000de768648,0x00000000de880000)
  to   space 9728K, 0% used [0x00000000e5a00000,0x00000000e5a00000,0x00000000e6380000)
 ParOldGen       total 44544K, used 7176K [0x0000000082200000, 0x0000000084d80000, 0x00000000d6100000)
  object space 44544K, 16% used [0x0000000082200000,0x0000000082902240,0x0000000084d80000)
 Metaspace       used 30633K, capacity 31736K, committed 31872K, reserved 1077248K
  class space    used 3905K, capacity 4162K, committed 4224K, reserved 1048576K
Event: 230.960 GC heap after
Heap after GC invocations=9 (full 1):
 PSYoungGen      total 252416K, used 9698K [0x00000000d6100000, 0x00000000e6400000, 0x0000000100000000)
  eden space 242688K, 0% used [0x00000000d6100000,0x00000000d6100000,0x00000000e4e00000)
  from space 9728K, 99% used [0x00000000e5a00000,0x00000000e63789f0,0x00000000e6380000)
  to   space 11264K, 0% used [0x00000000e4e00000,0x00000000e4e00000,0x00000000e5900000)
 ParOldGen       total 44544K, used 8360K [0x0000000082200000, 0x0000000084d80000, 0x00000000d6100000)
  object space 44544K, 18% used [0x0000000082200000,0x0000000082a2a058,0x0000000084d80000)
 Metaspace       used 30633K, capacity 31736K, committed 31872K, reserved 1077248K
  class space    used 3905K, capacity 4162K, committed 4224K, reserved 1048576K
}

