# JRE version: Java(TM) SE Runtime Environment (8.0_201-b09) (build 1.8.0_201-b09)
# Java VM: Java HotSpot(TM) 64-Bit Server VM (25.201-b09 mixed mode windows-amd64 compressed oops)
Heap:
 PSYoungGen      total 138240K, used 63167K [0x00000000d6100000, 0x00000000df100000, 0x0000000100000000)
  eden space 130560K, 48% used [0x00000000d6100000,0x00000000d9eaff00,0x00000000de080000)
  from space 7680K, 0% used [0x00000000de880000,0x00000000de880000,0x00000000df000000)
  to   space 8192K, 0% used [0x00000000de080000,0x00000000de080000,0x00000000de880000)
 ParOldGen       total 43008K, used 6013K [0x0000000082200000, 0x0000000084c00000, 0x00000000d6100000)
  object space 43008K, 13% used [0x0000000082200000,0x00000000827df7f0,0x0000000084c00000)
 Metaspace       used 24252K, capacity 24840K, committed 25088K, reserved 1071104K
  class space    used 3042K, capacity 3221K, committed 3328K, reserved 1048576K
GC Heap History (10 events):
Event: 168.361 GC heap before
{Heap before GC invocations=3 (full 0):
 PSYoungGen      total 37888K, used 35584K [0x00000000d6100000, 0x00000000dab00000, 0x0000000100000000)
  eden space 32768K, 100% used [0x00000000d6100000,0x00000000d8100000,0x00000000d8100000)
  from space 5120K, 55% used [0x00000000d8600000,0x00000000d88c03f0,0x00000000d8b00000)
  to   space 5120K, 0% used [0x00000000d8100000,0x00000000d8100000,0x00000000d8600000)
 ParOldGen       total 86016K, used 24K [0x0000000082200000, 0x0000000087600000, 0x00000000d6100000)
  object space 86016K, 0% used [0x0000000082200000,0x0000000082206000,0x0000000087600000)
 Metaspace       used 11366K, capacity 11542K, committed 11648K, reserved 1058816K
  class space    used 1276K, capacity 1350K, committed 1408K, reserved 1048576K
Event: 169.530 GC heap after
Heap after GC invocations=3 (full 0):
 PSYoungGen      total 37888K, used 4548K [0x00000000d6100000, 0x00000000dab00000, 0x0000000100000000)
  eden space 32768K, 0% used [0x00000000d6100000,0x00000000d6100000,0x00000000d8100000)
  from space 5120K, 88% used [0x00000000d8100000,0x00000000d8571308,0x00000000d8600000)
  to   space 5120K, 0% used [0x00000000da600000,0x00000000da600000,0x00000000dab00000)
 ParOldGen       total 86016K, used 24K [0x0000000082200000, 0x0000000087600000, 0x00000000d6100000)
  object space 86016K, 0% used [0x0000000082200000,0x0000000082206000,0x0000000087600000)
 Metaspace       used 11366K, capacity 11542K, committed 11648K, reserved 1058816K
  class space    used 1276K, capacity 1350K, committed 1408K, reserved 1048576K
}
Event: 176.169 GC heap before
{Heap before GC invocations=4 (full 0):
 PSYoungGen      total 37888K, used 37316K [0x00000000d6100000, 0x00000000dab00000, 0x0000000100000000)
  eden space 32768K, 100% used [0x00000000d6100000,0x00000000d8100000,0x00000000d8100000)
  from space 5120K, 88% used [0x00000000d8100000,0x00000000d8571308,0x00000000d8600000)
  to   space 5120K, 0% used [0x00000000da600000,0x00000000da600000,0x00000000dab00000)
 ParOldGen       total 86016K, used 24K [0x0000000082200000, 0x0000000087600000, 0x00000000d6100000)
  object space 86016K, 0% used [0x0000000082200000,0x0000000082206000,0x0000000087600000)
 Metaspace       used 13458K, capacity 13820K, committed 14080K, reserved 1060864K
  class space    used 1640K, capacity 1757K, committed 1792K, reserved 1048576K
Event: 176.695 GC heap after
Heap after GC invocations=4 (full 0):
 PSYoungGen      total 70656K, used 4556K [0x00000000d6100000, 0x00000000dab00000, 0x0000000100000000)
  eden space 65536K, 0% used [0x00000000d6100000,0x00000000d6100000,0x00000000da100000)
  from space 5120K, 88% used [0x00000000da600000,0x00000000daa73000,0x00000000dab00000)
  to   space 5120K, 0% used [0x00000000da100000,0x00000000da100000,0x00000000da600000)
 ParOldGen       total 86016K, used 24K [0x0000000082200000, 0x0000000087600000, 0x00000000d6100000)
  object space 86016K, 0% used [0x0000000082200000,0x0000000082206000,0x0000000087600000)
 Metaspace       used 13458K, capacity 13820K, committed 14080K, reserved 1060864K
  class space    used 1640K, capacity 1757K, committed 1792K, reserved 1048576K
}
Event: 186.193 GC heap before
{Heap before GC invocations=5 (full 0):
 PSYoungGen      total 70656K, used 70092K [0x00000000d6100000, 0x00000000dab00000, 0x0000000100000000)
  eden space 65536K, 100% used [0x00000000d6100000,0x00000000da100000,0x00000000da100000)
  from space 5120K, 88% used [0x00000000da600000,0x00000000daa73000,0x00000000dab00000)
  to   space 5120K, 0% used [0x00000000da100000,0x00000000da100000,0x00000000da600000)
 ParOldGen       total 86016K, used 24K [0x0000000082200000, 0x0000000087600000, 0x00000000d6100000)
  object space 86016K, 0% used [0x0000000082200000,0x0000000082206000,0x0000000087600000)
 Metaspace       used 17294K, capacity 17668K, committed 17920K, reserved 1064960K
  class space    used 2105K, capacity 2229K, committed 2304K, reserved 1048576K
Event: 186.212 GC heap after
Heap after GC invocations=5 (full 0):
 PSYoungGen      total 70656K, used 5118K [0x00000000d6100000, 0x00000000df000000, 0x0000000100000000)
  eden space 65536K, 0% used [0x00000000d6100000,0x00000000d6100000,0x00000000da100000)
  from space 5120K, 99% used [0x00000000da100000,0x00000000da5ffad0,0x00000000da600000)
  to   space 7680K, 0% used [0x00000000de880000,0x00000000de880000,0x00000000df000000)
 ParOldGen       total 86016K, used 2427K [0x0000000082200000, 0x0000000087600000, 0x00000000d6100000)
  object space 86016K, 2% used [0x0000000082200000,0x000000008245ef58,0x0000000087600000)
 Metaspace       used 17294K, capacity 17668K, committed 17920K, reserved 1064960K
  class space    used 2105K, capacity 2229K, committed 2304K, reserved 1048576K
}
Event: 236.978 GC heap before
{Heap before GC invocations=6 (full 0):
 PSYoungGen      total 70656K, used 30730K [0x00000000d6100000, 0x00000000df000000, 0x0000000100000000)
  eden space 65536K, 39% used [0x00000000d6100000,0x00000000d7a02fc8,0x00000000da100000)
  from space 5120K, 99% used [0x00000000da100000,0x00000000da5ffad0,0x00000000da600000)
  to   space 7680K, 0% used [0x00000000de880000,0x00000000de880000,0x00000000df000000)
 ParOldGen       total 86016K, used 2427K [0x0000000082200000, 0x0000000087600000, 0x00000000d6100000)
  object space 86016K, 2% used [0x0000000082200000,0x000000008245ef58,0x0000000087600000)
 Metaspace       used 20698K, capacity 21122K, committed 21248K, reserved 1067008K
  class space    used 2562K, capacity 2702K, committed 2816K, reserved 1048576K
Event: 237.579 GC heap after
Heap after GC invocations=6 (full 0):
 PSYoungGen      total 138240K, used 6179K [0x00000000d6100000, 0x00000000df100000, 0x0000000100000000)
  eden space 130560K, 0% used [0x00000000d6100000,0x00000000d6100000,0x00000000de080000)
  from space 7680K, 80% used [0x00000000de880000,0x00000000dee88cf8,0x00000000df000000)
  to   space 8192K, 0% used [0x00000000de080000,0x00000000de080000,0x00000000de880000)
 ParOldGen       total 86016K, used 2427K [0x0000000082200000, 0x0000000087600000, 0x00000000d6100000)
  object space 86016K, 2% used [0x0000000082200000,0x000000008245ef58,0x0000000087600000)
 Metaspace       used 20698K, capacity 21122K, committed 21248K, reserved 1067008K
  class space    used 2562K, capacity 2702K, committed 2816K, reserved 1048576K
}
Event: 237.579 GC heap before
{Heap before GC invocations=7 (full 1):
 PSYoungGen      total 138240K, used 6179K [0x00000000d6100000, 0x00000000df100000, 0x0000000100000000)
  eden space 130560K, 0% used [0x00000000d6100000,0x00000000d6100000,0x00000000de080000)
  from space 7680K, 80% used [0x00000000de880000,0x00000000dee88cf8,0x00000000df000000)
  to   space 8192K, 0% used [0x00000000de080000,0x00000000de080000,0x00000000de880000)
 ParOldGen       total 86016K, used 2427K [0x0000000082200000, 0x0000000087600000, 0x00000000d6100000)
  object space 86016K, 2% used [0x0000000082200000,0x000000008245ef58,0x0000000087600000)
 Metaspace       used 20698K, capacity 21122K, committed 21248K, reserved 1067008K
  class space    used 2562K, capacity 2702K, committed 2816K, reserved 1048576K
Event: 238.774 GC heap after
Heap after GC invocations=7 (full 1):
 PSYoungGen      total 138240K, used 0K [0x00000000d6100000, 0x00000000df100000, 0x0000000100000000)
  eden space 130560K, 0% used [0x00000000d6100000,0x00000000d6100000,0x00000000de080000)
  from space 7680K, 0% used [0x00000000de880000,0x00000000de880000,0x00000000df000000)
  to   space 8192K, 0% used [0x00000000de080000,0x00000000de080000,0x00000000de880000)
 ParOldGen       total 43008K, used 6013K [0x0000000082200000, 0x0000000084c00000, 0x00000000d6100000)
  object space 43008K, 13% used [0x0000000082200000,0x00000000827df7f0,0x0000000084c00000)
 Metaspace       used 20698K, capacity 21122K, committed 21248K, reserved 1067008K
  class space    used 2562K, capacity 2702K, committed 2816K, reserved 1048576K
}

