# JRE version: Java(TM) SE Runtime Environment (8.0_201-b09) (build 1.8.0_201-b09)
# Java VM: Java HotSpot(TM) 64-Bit Server VM (25.201-b09 mixed mode windows-amd64 compressed oops)
Heap:
 PSYoungGen      total 136192K, used 15076K [0x00000000d6100000, 0x00000000e7400000, 0x0000000100000000)
  eden space 131072K, 11% used [0x00000000d6100000,0x00000000d6fb9108,0x00000000de100000)
  from space 5120K, 0% used [0x00000000de100000,0x00000000de100000,0x00000000de600000)
  to   space 9728K, 0% used [0x00000000e6a80000,0x00000000e6a80000,0x00000000e7400000)
 ParOldGen       total 47616K, used 7427K [0x0000000082200000, 0x0000000085080000, 0x00000000d6100000)
  object space 47616K, 15% used [0x0000000082200000,0x0000000082940e80,0x0000000085080000)
 Metaspace       used 22566K, capacity 23050K, committed 23296K, reserved 1069056K
  class space    used 2872K, capacity 3036K, committed 3072K, reserved 1048576K
GC Heap History (10 events):
Event: 92.735 GC heap before
{Heap before GC invocations=2 (full 0):
 PSYoungGen      total 37888K, used 36401K [0x00000000d6100000, 0x00000000dab00000, 0x0000000100000000)
  eden space 32768K, 99% used [0x00000000d6100000,0x00000000d80ff968,0x00000000d8100000)
  from space 5120K, 70% used [0x00000000d8100000,0x00000000d848cbf0,0x00000000d8600000)
  to   space 5120K, 0% used [0x00000000da600000,0x00000000da600000,0x00000000dab00000)
 ParOldGen       total 86016K, used 16K [0x0000000082200000, 0x0000000087600000, 0x00000000d6100000)
  object space 86016K, 0% used [0x0000000082200000,0x0000000082204000,0x0000000087600000)
 Metaspace       used 8725K, capacity 8832K, committed 9088K, reserved 1056768K
  class space    used 960K, capacity 1028K, committed 1152K, reserved 1048576K
Event: 94.184 GC heap after
Heap after GC invocations=2 (full 0):
 PSYoungGen      total 70656K, used 2817K [0x00000000d6100000, 0x00000000dab00000, 0x0000000100000000)
  eden space 65536K, 0% used [0x00000000d6100000,0x00000000d6100000,0x00000000da100000)
  from space 5120K, 55% used [0x00000000da600000,0x00000000da8c0438,0x00000000dab00000)
  to   space 5120K, 0% used [0x00000000da100000,0x00000000da100000,0x00000000da600000)
 ParOldGen       total 86016K, used 16K [0x0000000082200000, 0x0000000087600000, 0x00000000d6100000)
  object space 86016K, 0% used [0x0000000082200000,0x0000000082204000,0x0000000087600000)
 Metaspace       used 8725K, capacity 8832K, committed 9088K, reserved 1056768K
  class space    used 960K, capacity 1028K, committed 1152K, reserved 1048576K
}
Event: 135.790 GC heap before
{Heap before GC invocations=3 (full 0):
 PSYoungGen      total 70656K, used 68353K [0x00000000d6100000, 0x00000000dab00000, 0x0000000100000000)
  eden space 65536K, 100% used [0x00000000d6100000,0x00000000da100000,0x00000000da100000)
  from space 5120K, 55% used [0x00000000da600000,0x00000000da8c0438,0x00000000dab00000)
  to   space 5120K, 0% used [0x00000000da100000,0x00000000da100000,0x00000000da600000)
 ParOldGen       total 86016K, used 16K [0x0000000082200000, 0x0000000087600000, 0x00000000d6100000)
  object space 86016K, 0% used [0x0000000082200000,0x0000000082204000,0x0000000087600000)
 Metaspace       used 13524K, capacity 13906K, committed 14080K, reserved 1060864K
  class space    used 1638K, capacity 1764K, committed 1792K, reserved 1048576K
Event: 136.796 GC heap after
Heap after GC invocations=3 (full 0):
 PSYoungGen      total 70656K, used 5095K [0x00000000d6100000, 0x00000000deb00000, 0x0000000100000000)
  eden space 65536K, 0% used [0x00000000d6100000,0x00000000d6100000,0x00000000da100000)
  from space 5120K, 99% used [0x00000000da100000,0x00000000da5f9f90,0x00000000da600000)
  to   space 5120K, 0% used [0x00000000de600000,0x00000000de600000,0x00000000deb00000)
 ParOldGen       total 86016K, used 821K [0x0000000082200000, 0x0000000087600000, 0x00000000d6100000)
  object space 86016K, 0% used [0x0000000082200000,0x00000000822cd458,0x0000000087600000)
 Metaspace       used 13524K, capacity 13906K, committed 14080K, reserved 1060864K
  class space    used 1638K, capacity 1764K, committed 1792K, reserved 1048576K
}
Event: 143.468 GC heap before
{Heap before GC invocations=4 (full 0):
 PSYoungGen      total 70656K, used 70631K [0x00000000d6100000, 0x00000000deb00000, 0x0000000100000000)
  eden space 65536K, 100% used [0x00000000d6100000,0x00000000da100000,0x00000000da100000)
  from space 5120K, 99% used [0x00000000da100000,0x00000000da5f9f90,0x00000000da600000)
  to   space 5120K, 0% used [0x00000000de600000,0x00000000de600000,0x00000000deb00000)
 ParOldGen       total 86016K, used 821K [0x0000000082200000, 0x0000000087600000, 0x00000000d6100000)
  object space 86016K, 0% used [0x0000000082200000,0x00000000822cd458,0x0000000087600000)
 Metaspace       used 17301K, capacity 17688K, committed 18048K, reserved 1064960K
  class space    used 2178K, capacity 2313K, committed 2432K, reserved 1048576K
Event: 143.766 GC heap after
Heap after GC invocations=4 (full 0):
 PSYoungGen      total 136192K, used 5115K [0x00000000d6100000, 0x00000000deb00000, 0x0000000100000000)
  eden space 131072K, 0% used [0x00000000d6100000,0x00000000d6100000,0x00000000de100000)
  from space 5120K, 99% used [0x00000000de600000,0x00000000deafede0,0x00000000deb00000)
  to   space 5120K, 0% used [0x00000000de100000,0x00000000de100000,0x00000000de600000)
 ParOldGen       total 86016K, used 3069K [0x0000000082200000, 0x0000000087600000, 0x00000000d6100000)
  object space 86016K, 3% used [0x0000000082200000,0x00000000824ff770,0x0000000087600000)
 Metaspace       used 17301K, capacity 17688K, committed 18048K, reserved 1064960K
  class space    used 2178K, capacity 2313K, committed 2432K, reserved 1048576K
}
Event: 150.625 GC heap before
{Heap before GC invocations=5 (full 0):
 PSYoungGen      total 136192K, used 61880K [0x00000000d6100000, 0x00000000deb00000, 0x0000000100000000)
  eden space 131072K, 43% used [0x00000000d6100000,0x00000000d986f318,0x00000000de100000)
  from space 5120K, 99% used [0x00000000de600000,0x00000000deafede0,0x00000000deb00000)
  to   space 5120K, 0% used [0x00000000de100000,0x00000000de100000,0x00000000de600000)
 ParOldGen       total 86016K, used 3069K [0x0000000082200000, 0x0000000087600000, 0x00000000d6100000)
  object space 86016K, 3% used [0x0000000082200000,0x00000000824ff770,0x0000000087600000)
 Metaspace       used 20681K, capacity 21144K, committed 21248K, reserved 1067008K
  class space    used 2628K, capacity 2779K, committed 2816K, reserved 1048576K
Event: 151.073 GC heap after
Heap after GC invocations=5 (full 0):
 PSYoungGen      total 136192K, used 5119K [0x00000000d6100000, 0x00000000e7400000, 0x0000000100000000)
  eden space 131072K, 0% used [0x00000000d6100000,0x00000000d6100000,0x00000000de100000)
  from space 5120K, 99% used [0x00000000de100000,0x00000000de5ffca8,0x00000000de600000)
  to   space 9728K, 0% used [0x00000000e6a80000,0x00000000e6a80000,0x00000000e7400000)
 ParOldGen       total 86016K, used 5569K [0x0000000082200000, 0x0000000087600000, 0x00000000d6100000)
  object space 86016K, 6% used [0x0000000082200000,0x00000000827707b0,0x0000000087600000)
 Metaspace       used 20681K, capacity 21144K, committed 21248K, reserved 1067008K
  class space    used 2628K, capacity 2779K, committed 2816K, reserved 1048576K
}
Event: 151.073 GC heap before
{Heap before GC invocations=6 (full 1):
 PSYoungGen      total 136192K, used 5119K [0x00000000d6100000, 0x00000000e7400000, 0x0000000100000000)
  eden space 131072K, 0% used [0x00000000d6100000,0x00000000d6100000,0x00000000de100000)
  from space 5120K, 99% used [0x00000000de100000,0x00000000de5ffca8,0x00000000de600000)
  to   space 9728K, 0% used [0x00000000e6a80000,0x00000000e6a80000,0x00000000e7400000)
 ParOldGen       total 86016K, used 5569K [0x0000000082200000, 0x0000000087600000, 0x00000000d6100000)
  object space 86016K, 6% used [0x0000000082200000,0x00000000827707b0,0x0000000087600000)
 Metaspace       used 20681K, capacity 21144K, committed 21248K, reserved 1067008K
  class space    used 2628K, capacity 2779K, committed 2816K, reserved 1048576K
Event: 152.524 GC heap after
Heap after GC invocations=6 (full 1):
 PSYoungGen      total 136192K, used 0K [0x00000000d6100000, 0x00000000e7400000, 0x0000000100000000)
  eden space 131072K, 0% used [0x00000000d6100000,0x00000000d6100000,0x00000000de100000)
  from space 5120K, 0% used [0x00000000de100000,0x00000000de100000,0x00000000de600000)
  to   space 9728K, 0% used [0x00000000e6a80000,0x00000000e6a80000,0x00000000e7400000)
 ParOldGen       total 47616K, used 7427K [0x0000000082200000, 0x0000000085080000, 0x00000000d6100000)
  object space 47616K, 15% used [0x0000000082200000,0x0000000082940e80,0x0000000085080000)
 Metaspace       used 20681K, capacity 21144K, committed 21248K, reserved 1067008K
  class space    used 2628K, capacity 2779K, committed 2816K, reserved 1048576K
}

