# JRE version: Java(TM) SE Runtime Environment (8.0_201-b09) (build 1.8.0_201-b09)
# Java VM: Java HotSpot(TM) 64-Bit Server VM (25.201-b09 mixed mode windows-amd64 compressed oops)
Heap:
 PSYoungGen      total 261120K, used 7374K [0x00000000d6100000, 0x00000000ef480000, 0x0000000100000000)
  eden space 250368K, 2% used [0x00000000d6100000,0x00000000d6833a88,0x00000000e5580000)
  from space 10752K, 0% used [0x00000000e5580000,0x00000000e5580000,0x00000000e6000000)
  to   space 13312K, 0% used [0x00000000ee780000,0x00000000ee780000,0x00000000ef480000)
 ParOldGen       total 60928K, used 18393K [0x0000000082200000, 0x0000000085d80000, 0x00000000d6100000)
  object space 60928K, 30% used [0x0000000082200000,0x00000000833f6768,0x0000000085d80000)
 Metaspace       used 34153K, capacity 35722K, committed 35928K, reserved 1081344K
  class space    used 4399K, capacity 4709K, committed 4736K, reserved 1048576K
GC Heap History (10 events):
Event: 18.128 GC heap before
{Heap before GC invocations=7 (full 1):
 PSYoungGen      total 137728K, used 6639K [0x00000000d6100000, 0x00000000df200000, 0x0000000100000000)
  eden space 130048K, 0% used [0x00000000d6100000,0x00000000d6100000,0x00000000de000000)
  from space 7680K, 86% used [0x00000000de880000,0x00000000deefbce0,0x00000000df000000)
  to   space 8704K, 0% used [0x00000000de000000,0x00000000de000000,0x00000000de880000)
 ParOldGen       total 86016K, used 2524K [0x0000000082200000, 0x0000000087600000, 0x00000000d6100000)
  object space 86016K, 2% used [0x0000000082200000,0x0000000082477148,0x0000000087600000)
 Metaspace       used 20616K, capacity 21092K, committed 21248K, reserved 1067008K
  class space    used 2568K, capacity 2707K, committed 2816K, reserved 1048576K
Event: 18.178 GC heap after
Heap after GC invocations=7 (full 1):
 PSYoungGen      total 137728K, used 0K [0x00000000d6100000, 0x00000000df200000, 0x0000000100000000)
  eden space 130048K, 0% used [0x00000000d6100000,0x00000000d6100000,0x00000000de000000)
  from space 7680K, 0% used [0x00000000de880000,0x00000000de880000,0x00000000df000000)
  to   space 8704K, 0% used [0x00000000de000000,0x00000000de000000,0x00000000de880000)
 ParOldGen       total 42496K, used 6505K [0x0000000082200000, 0x0000000084b80000, 0x00000000d6100000)
  object space 42496K, 15% used [0x0000000082200000,0x000000008285a660,0x0000000084b80000)
 Metaspace       used 20616K, capacity 21092K, committed 21248K, reserved 1067008K
  class space    used 2568K, capacity 2707K, committed 2816K, reserved 1048576K
}
Event: 25.199 GC heap before
{Heap before GC invocations=8 (full 1):
 PSYoungGen      total 137728K, used 130048K [0x00000000d6100000, 0x00000000df200000, 0x0000000100000000)
  eden space 130048K, 100% used [0x00000000d6100000,0x00000000de000000,0x00000000de000000)
  from space 7680K, 0% used [0x00000000de880000,0x00000000de880000,0x00000000df000000)
  to   space 8704K, 0% used [0x00000000de000000,0x00000000de000000,0x00000000de880000)
 ParOldGen       total 42496K, used 6505K [0x0000000082200000, 0x0000000084b80000, 0x00000000d6100000)
  object space 42496K, 15% used [0x0000000082200000,0x000000008285a660,0x0000000084b80000)
 Metaspace       used 25460K, capacity 26176K, committed 26496K, reserved 1073152K
  class space    used 3207K, capacity 3416K, committed 3456K, reserved 1048576K
Event: 25.207 GC heap after
Heap after GC invocations=8 (full 1):
 PSYoungGen      total 138752K, used 6811K [0x00000000d6100000, 0x00000000e6980000, 0x0000000100000000)
  eden space 130048K, 0% used [0x00000000d6100000,0x00000000d6100000,0x00000000de000000)
  from space 8704K, 78% used [0x00000000de000000,0x00000000de6a6d60,0x00000000de880000)
  to   space 9216K, 0% used [0x00000000e6080000,0x00000000e6080000,0x00000000e6980000)
 ParOldGen       total 42496K, used 6513K [0x0000000082200000, 0x0000000084b80000, 0x00000000d6100000)
  object space 42496K, 15% used [0x0000000082200000,0x000000008285c660,0x0000000084b80000)
 Metaspace       used 25460K, capacity 26176K, committed 26496K, reserved 1073152K
  class space    used 3207K, capacity 3416K, committed 3456K, reserved 1048576K
}
Event: 77.883 GC heap before
{Heap before GC invocations=9 (full 1):
 PSYoungGen      total 138752K, used 136859K [0x00000000d6100000, 0x00000000e6980000, 0x0000000100000000)
  eden space 130048K, 100% used [0x00000000d6100000,0x00000000de000000,0x00000000de000000)
  from space 8704K, 78% used [0x00000000de000000,0x00000000de6a6d60,0x00000000de880000)
  to   space 9216K, 0% used [0x00000000e6080000,0x00000000e6080000,0x00000000e6980000)
 ParOldGen       total 42496K, used 6513K [0x0000000082200000, 0x0000000084b80000, 0x00000000d6100000)
  object space 42496K, 15% used [0x0000000082200000,0x000000008285c660,0x0000000084b80000)
 Metaspace       used 30314K, capacity 31354K, committed 31488K, reserved 1077248K
  class space    used 3857K, capacity 4087K, committed 4096K, reserved 1048576K
Event: 77.956 GC heap after
Heap after GC invocations=9 (full 1):
 PSYoungGen      total 259584K, used 9196K [0x00000000d6100000, 0x00000000e6a80000, 0x0000000100000000)
  eden space 250368K, 0% used [0x00000000d6100000,0x00000000d6100000,0x00000000e5580000)
  from space 9216K, 99% used [0x00000000e6080000,0x00000000e697b050,0x00000000e6980000)
  to   space 10752K, 0% used [0x00000000e5580000,0x00000000e5580000,0x00000000e6000000)
 ParOldGen       total 42496K, used 7819K [0x0000000082200000, 0x0000000084b80000, 0x00000000d6100000)
  object space 42496K, 18% used [0x0000000082200000,0x00000000829a2d38,0x0000000084b80000)
 Metaspace       used 30314K, capacity 31354K, committed 31488K, reserved 1077248K
  class space    used 3857K, capacity 4087K, committed 4096K, reserved 1048576K
}
Event: 190.649 GC heap before
{Heap before GC invocations=10 (full 1):
 PSYoungGen      total 259584K, used 74641K [0x00000000d6100000, 0x00000000e6a80000, 0x0000000100000000)
  eden space 250368K, 26% used [0x00000000d6100000,0x00000000da0e9510,0x00000000e5580000)
  from space 9216K, 99% used [0x00000000e6080000,0x00000000e697b050,0x00000000e6980000)
  to   space 10752K, 0% used [0x00000000e5580000,0x00000000e5580000,0x00000000e6000000)
 ParOldGen       total 42496K, used 7819K [0x0000000082200000, 0x0000000084b80000, 0x00000000d6100000)
  object space 42496K, 18% used [0x0000000082200000,0x00000000829a2d38,0x0000000084b80000)
 Metaspace       used 33834K, capacity 35352K, committed 35416K, reserved 1079296K
  class space    used 4362K, capacity 4674K, committed 4736K, reserved 1048576K
Event: 191.314 GC heap after
Heap after GC invocations=10 (full 1):
 PSYoungGen      total 261120K, used 10727K [0x00000000d6100000, 0x00000000ef480000, 0x0000000100000000)
  eden space 250368K, 0% used [0x00000000d6100000,0x00000000d6100000,0x00000000e5580000)
  from space 10752K, 99% used [0x00000000e5580000,0x00000000e5ff9e98,0x00000000e6000000)
  to   space 13312K, 0% used [0x00000000ee780000,0x00000000ee780000,0x00000000ef480000)
 ParOldGen       total 42496K, used 10922K [0x0000000082200000, 0x0000000084b80000, 0x00000000d6100000)
  object space 42496K, 25% used [0x0000000082200000,0x0000000082caa9f8,0x0000000084b80000)
 Metaspace       used 33834K, capacity 35352K, committed 35416K, reserved 1079296K
  class space    used 4362K, capacity 4674K, committed 4736K, reserved 1048576K
}
Event: 191.314 GC heap before
{Heap before GC invocations=11 (full 2):
 PSYoungGen      total 261120K, used 10727K [0x00000000d6100000, 0x00000000ef480000, 0x0000000100000000)
  eden space 250368K, 0% used [0x00000000d6100000,0x00000000d6100000,0x00000000e5580000)
  from space 10752K, 99% used [0x00000000e5580000,0x00000000e5ff9e98,0x00000000e6000000)
  to   space 13312K, 0% used [0x00000000ee780000,0x00000000ee780000,0x00000000ef480000)
 ParOldGen       total 42496K, used 10922K [0x0000000082200000, 0x0000000084b80000, 0x00000000d6100000)
  object space 42496K, 25% used [0x0000000082200000,0x0000000082caa9f8,0x0000000084b80000)
 Metaspace       used 33834K, capacity 35352K, committed 35416K, reserved 1079296K
  class space    used 4362K, capacity 4674K, committed 4736K, reserved 1048576K
Event: 192.377 GC heap after
Heap after GC invocations=11 (full 2):
 PSYoungGen      total 261120K, used 0K [0x00000000d6100000, 0x00000000ef480000, 0x0000000100000000)
  eden space 250368K, 0% used [0x00000000d6100000,0x00000000d6100000,0x00000000e5580000)
  from space 10752K, 0% used [0x00000000e5580000,0x00000000e5580000,0x00000000e6000000)
  to   space 13312K, 0% used [0x00000000ee780000,0x00000000ee780000,0x00000000ef480000)
 ParOldGen       total 60928K, used 18393K [0x0000000082200000, 0x0000000085d80000, 0x00000000d6100000)
  object space 60928K, 30% used [0x0000000082200000,0x00000000833f6768,0x0000000085d80000)
 Metaspace       used 33834K, capacity 35352K, committed 35416K, reserved 1079296K
  class space    used 4362K, capacity 4674K, committed 4736K, reserved 1048576K
}

