# JRE version: Java(TM) SE Runtime Environment (8.0_201-b09) (build 1.8.0_201-b09)
# Java VM: Java HotSpot(TM) 64-Bit Server VM (25.201-b09 mixed mode windows-amd64 compressed oops)
Heap:
 PSYoungGen      total 137728K, used 57693K [0x00000000d6100000, 0x00000000df200000, 0x0000000100000000)
  eden space 130048K, 44% used [0x00000000d6100000,0x00000000d9957520,0x00000000de000000)
  from space 7680K, 0% used [0x00000000de880000,0x00000000de880000,0x00000000df000000)
  to   space 8704K, 0% used [0x00000000de000000,0x00000000de000000,0x00000000de880000)
 ParOldGen       total 48640K, used 7327K [0x0000000082200000, 0x0000000085180000, 0x00000000d6100000)
  object space 48640K, 15% used [0x0000000082200000,0x0000000082927f50,0x0000000085180000)
 Metaspace       used 24964K, capacity 25600K, committed 25728K, reserved 1071104K
  class space    used 3141K, capacity 3337K, committed 3456K, reserved 1048576K
GC Heap History (10 events):
Event: 75.649 GC heap before
{Heap before GC invocations=3 (full 0):
 PSYoungGen      total 37888K, used 35589K [0x00000000d6100000, 0x00000000dab00000, 0x0000000100000000)
  eden space 32768K, 100% used [0x00000000d6100000,0x00000000d8100000,0x00000000d8100000)
  from space 5120K, 55% used [0x00000000d8600000,0x00000000d88c1548,0x00000000d8b00000)
  to   space 5120K, 0% used [0x00000000d8100000,0x00000000d8100000,0x00000000d8600000)
 ParOldGen       total 86016K, used 16K [0x0000000082200000, 0x0000000087600000, 0x00000000d6100000)
  object space 86016K, 0% used [0x0000000082200000,0x0000000082204000,0x0000000087600000)
 Metaspace       used 11491K, capacity 11764K, committed 11904K, reserved 1060864K
  class space    used 1298K, capacity 1403K, committed 1408K, reserved 1048576K
Event: 76.127 GC heap after
Heap after GC invocations=3 (full 0):
 PSYoungGen      total 37888K, used 4180K [0x00000000d6100000, 0x00000000dab00000, 0x0000000100000000)
  eden space 32768K, 0% used [0x00000000d6100000,0x00000000d6100000,0x00000000d8100000)
  from space 5120K, 81% used [0x00000000d8100000,0x00000000d8515150,0x00000000d8600000)
  to   space 5120K, 0% used [0x00000000da600000,0x00000000da600000,0x00000000dab00000)
 ParOldGen       total 86016K, used 24K [0x0000000082200000, 0x0000000087600000, 0x00000000d6100000)
  object space 86016K, 0% used [0x0000000082200000,0x0000000082206000,0x0000000087600000)
 Metaspace       used 11491K, capacity 11764K, committed 11904K, reserved 1060864K
  class space    used 1298K, capacity 1403K, committed 1408K, reserved 1048576K
}
Event: 79.564 GC heap before
{Heap before GC invocations=4 (full 0):
 PSYoungGen      total 37888K, used 36948K [0x00000000d6100000, 0x00000000dab00000, 0x0000000100000000)
  eden space 32768K, 100% used [0x00000000d6100000,0x00000000d8100000,0x00000000d8100000)
  from space 5120K, 81% used [0x00000000d8100000,0x00000000d8515150,0x00000000d8600000)
  to   space 5120K, 0% used [0x00000000da600000,0x00000000da600000,0x00000000dab00000)
 ParOldGen       total 86016K, used 24K [0x0000000082200000, 0x0000000087600000, 0x00000000d6100000)
  object space 86016K, 0% used [0x0000000082200000,0x0000000082206000,0x0000000087600000)
 Metaspace       used 13852K, capacity 14208K, committed 14464K, reserved 1062912K
  class space    used 1687K, capacity 1799K, committed 1920K, reserved 1048576K
Event: 79.852 GC heap after
Heap after GC invocations=4 (full 0):
 PSYoungGen      total 70656K, used 4634K [0x00000000d6100000, 0x00000000dab00000, 0x0000000100000000)
  eden space 65536K, 0% used [0x00000000d6100000,0x00000000d6100000,0x00000000da100000)
  from space 5120K, 90% used [0x00000000da600000,0x00000000daa86828,0x00000000dab00000)
  to   space 5120K, 0% used [0x00000000da100000,0x00000000da100000,0x00000000da600000)
 ParOldGen       total 86016K, used 32K [0x0000000082200000, 0x0000000087600000, 0x00000000d6100000)
  object space 86016K, 0% used [0x0000000082200000,0x0000000082208000,0x0000000087600000)
 Metaspace       used 13852K, capacity 14208K, committed 14464K, reserved 1062912K
  class space    used 1687K, capacity 1799K, committed 1920K, reserved 1048576K
}
Event: 92.298 GC heap before
{Heap before GC invocations=5 (full 0):
 PSYoungGen      total 70656K, used 70170K [0x00000000d6100000, 0x00000000dab00000, 0x0000000100000000)
  eden space 65536K, 100% used [0x00000000d6100000,0x00000000da100000,0x00000000da100000)
  from space 5120K, 90% used [0x00000000da600000,0x00000000daa86828,0x00000000dab00000)
  to   space 5120K, 0% used [0x00000000da100000,0x00000000da100000,0x00000000da600000)
 ParOldGen       total 86016K, used 32K [0x0000000082200000, 0x0000000087600000, 0x00000000d6100000)
  object space 86016K, 0% used [0x0000000082200000,0x0000000082208000,0x0000000087600000)
 Metaspace       used 17404K, capacity 17848K, committed 18048K, reserved 1064960K
  class space    used 2187K, capacity 2345K, committed 2432K, reserved 1048576K
Event: 94.858 GC heap after
Heap after GC invocations=5 (full 0):
 PSYoungGen      total 70656K, used 5095K [0x00000000d6100000, 0x00000000df000000, 0x0000000100000000)
  eden space 65536K, 0% used [0x00000000d6100000,0x00000000d6100000,0x00000000da100000)
  from space 5120K, 99% used [0x00000000da100000,0x00000000da5f9fe0,0x00000000da600000)
  to   space 7680K, 0% used [0x00000000de880000,0x00000000de880000,0x00000000df000000)
 ParOldGen       total 86016K, used 2236K [0x0000000082200000, 0x0000000087600000, 0x00000000d6100000)
  object space 86016K, 2% used [0x0000000082200000,0x000000008242f388,0x0000000087600000)
 Metaspace       used 17404K, capacity 17848K, committed 18048K, reserved 1064960K
  class space    used 2187K, capacity 2345K, committed 2432K, reserved 1048576K
}
Event: 106.611 GC heap before
{Heap before GC invocations=6 (full 0):
 PSYoungGen      total 70656K, used 58410K [0x00000000d6100000, 0x00000000df000000, 0x0000000100000000)
  eden space 65536K, 81% used [0x00000000d6100000,0x00000000d9510970,0x00000000da100000)
  from space 5120K, 99% used [0x00000000da100000,0x00000000da5f9fe0,0x00000000da600000)
  to   space 7680K, 0% used [0x00000000de880000,0x00000000de880000,0x00000000df000000)
 ParOldGen       total 86016K, used 2236K [0x0000000082200000, 0x0000000087600000, 0x00000000d6100000)
  object space 86016K, 2% used [0x0000000082200000,0x000000008242f388,0x0000000087600000)
 Metaspace       used 20756K, capacity 21176K, committed 21248K, reserved 1067008K
  class space    used 2638K, capacity 2795K, committed 2816K, reserved 1048576K
Event: 108.643 GC heap after
Heap after GC invocations=6 (full 0):
 PSYoungGen      total 137728K, used 7565K [0x00000000d6100000, 0x00000000df200000, 0x0000000100000000)
  eden space 130048K, 0% used [0x00000000d6100000,0x00000000d6100000,0x00000000de000000)
  from space 7680K, 98% used [0x00000000de880000,0x00000000defe3770,0x00000000df000000)
  to   space 8704K, 0% used [0x00000000de000000,0x00000000de000000,0x00000000de880000)
 ParOldGen       total 86016K, used 2244K [0x0000000082200000, 0x0000000087600000, 0x00000000d6100000)
  object space 86016K, 2% used [0x0000000082200000,0x0000000082431388,0x0000000087600000)
 Metaspace       used 20756K, capacity 21176K, committed 21248K, reserved 1067008K
  class space    used 2638K, capacity 2795K, committed 2816K, reserved 1048576K
}
Event: 108.643 GC heap before
{Heap before GC invocations=7 (full 1):
 PSYoungGen      total 137728K, used 7565K [0x00000000d6100000, 0x00000000df200000, 0x0000000100000000)
  eden space 130048K, 0% used [0x00000000d6100000,0x00000000d6100000,0x00000000de000000)
  from space 7680K, 98% used [0x00000000de880000,0x00000000defe3770,0x00000000df000000)
  to   space 8704K, 0% used [0x00000000de000000,0x00000000de000000,0x00000000de880000)
 ParOldGen       total 86016K, used 2244K [0x0000000082200000, 0x0000000087600000, 0x00000000d6100000)
  object space 86016K, 2% used [0x0000000082200000,0x0000000082431388,0x0000000087600000)
 Metaspace       used 20756K, capacity 21176K, committed 21248K, reserved 1067008K
  class space    used 2638K, capacity 2795K, committed 2816K, reserved 1048576K
Event: 111.826 GC heap after
Heap after GC invocations=7 (full 1):
 PSYoungGen      total 137728K, used 0K [0x00000000d6100000, 0x00000000df200000, 0x0000000100000000)
  eden space 130048K, 0% used [0x00000000d6100000,0x00000000d6100000,0x00000000de000000)
  from space 7680K, 0% used [0x00000000de880000,0x00000000de880000,0x00000000df000000)
  to   space 8704K, 0% used [0x00000000de000000,0x00000000de000000,0x00000000de880000)
 ParOldGen       total 48640K, used 7327K [0x0000000082200000, 0x0000000085180000, 0x00000000d6100000)
  object space 48640K, 15% used [0x0000000082200000,0x0000000082927f50,0x0000000085180000)
 Metaspace       used 20756K, capacity 21176K, committed 21248K, reserved 1067008K
  class space    used 2638K, capacity 2795K, committed 2816K, reserved 1048576K
}

