# JRE version: Java(TM) SE Runtime Environment (8.0_201-b09) (build 1.8.0_201-b09)
# Java VM: Java HotSpot(TM) 64-Bit Server VM (25.201-b09 mixed mode windows-amd64 compressed oops)
Heap:
 PSYoungGen      total 218624K, used 110751K [0x00000000d6100000, 0x00000000e7100000, 0x0000000100000000)
  eden space 211456K, 49% used [0x00000000d6100000,0x00000000dc6595d0,0x00000000e2f80000)
  from space 7168K, 97% used [0x00000000e6a00000,0x00000000e70ce690,0x00000000e7100000)
  to   space 9216K, 0% used [0x00000000e5f00000,0x00000000e5f00000,0x00000000e6800000)
 ParOldGen       total 52224K, used 6275K [0x0000000082200000, 0x0000000085500000, 0x00000000d6100000)
  object space 52224K, 12% used [0x0000000082200000,0x0000000082820c08,0x0000000085500000)
 Metaspace       used 28740K, capacity 29804K, committed 30080K, reserved 1077248K
  class space    used 3681K, capacity 3912K, committed 3968K, reserved 1048576K
GC Heap History (10 events):
Event: 141.764 GC heap before
{Heap before GC invocations=3 (full 0):
 PSYoungGen      total 70656K, used 68320K [0x00000000d6100000, 0x00000000dab00000, 0x0000000100000000)
  eden space 65536K, 100% used [0x00000000d6100000,0x00000000da100000,0x00000000da100000)
  from space 5120K, 54% used [0x00000000da600000,0x00000000da8b83f0,0x00000000dab00000)
  to   space 5120K, 0% used [0x00000000da100000,0x00000000da100000,0x00000000da600000)
 ParOldGen       total 86016K, used 8K [0x0000000082200000, 0x0000000087600000, 0x00000000d6100000)
  object space 86016K, 0% used [0x0000000082200000,0x0000000082202000,0x0000000087600000)
 Metaspace       used 13403K, capacity 13724K, committed 13824K, reserved 1060864K
  class space    used 1615K, capacity 1725K, committed 1792K, reserved 1048576K
Event: 142.777 GC heap after
Heap after GC invocations=3 (full 0):
 PSYoungGen      total 70656K, used 5088K [0x00000000d6100000, 0x00000000deb00000, 0x0000000100000000)
  eden space 65536K, 0% used [0x00000000d6100000,0x00000000d6100000,0x00000000da100000)
  from space 5120K, 99% used [0x00000000da100000,0x00000000da5f80e8,0x00000000da600000)
  to   space 5120K, 0% used [0x00000000de600000,0x00000000de600000,0x00000000deb00000)
 ParOldGen       total 86016K, used 814K [0x0000000082200000, 0x0000000087600000, 0x00000000d6100000)
  object space 86016K, 0% used [0x0000000082200000,0x00000000822cbb88,0x0000000087600000)
 Metaspace       used 13403K, capacity 13724K, committed 13824K, reserved 1060864K
  class space    used 1615K, capacity 1725K, committed 1792K, reserved 1048576K
}
Event: 153.345 GC heap before
{Heap before GC invocations=4 (full 0):
 PSYoungGen      total 70656K, used 70624K [0x00000000d6100000, 0x00000000deb00000, 0x0000000100000000)
  eden space 65536K, 100% used [0x00000000d6100000,0x00000000da100000,0x00000000da100000)
  from space 5120K, 99% used [0x00000000da100000,0x00000000da5f80e8,0x00000000da600000)
  to   space 5120K, 0% used [0x00000000de600000,0x00000000de600000,0x00000000deb00000)
 ParOldGen       total 86016K, used 814K [0x0000000082200000, 0x0000000087600000, 0x00000000d6100000)
  object space 86016K, 0% used [0x0000000082200000,0x00000000822cbb88,0x0000000087600000)
 Metaspace       used 17193K, capacity 17540K, committed 17664K, reserved 1064960K
  class space    used 2087K, capacity 2229K, committed 2304K, reserved 1048576K
Event: 153.594 GC heap after
Heap after GC invocations=4 (full 0):
 PSYoungGen      total 136192K, used 5089K [0x00000000d6100000, 0x00000000deb00000, 0x0000000100000000)
  eden space 131072K, 0% used [0x00000000d6100000,0x00000000d6100000,0x00000000de100000)
  from space 5120K, 99% used [0x00000000de600000,0x00000000deaf8430,0x00000000deb00000)
  to   space 5120K, 0% used [0x00000000de100000,0x00000000de100000,0x00000000de600000)
 ParOldGen       total 86016K, used 3169K [0x0000000082200000, 0x0000000087600000, 0x00000000d6100000)
  object space 86016K, 3% used [0x0000000082200000,0x0000000082518728,0x0000000087600000)
 Metaspace       used 17193K, capacity 17540K, committed 17664K, reserved 1064960K
  class space    used 2087K, capacity 2229K, committed 2304K, reserved 1048576K
}
Event: 163.599 GC heap before
{Heap before GC invocations=5 (full 0):
 PSYoungGen      total 136192K, used 35291K [0x00000000d6100000, 0x00000000deb00000, 0x0000000100000000)
  eden space 131072K, 23% used [0x00000000d6100000,0x00000000d7e7eb88,0x00000000de100000)
  from space 5120K, 99% used [0x00000000de600000,0x00000000deaf8430,0x00000000deb00000)
  to   space 5120K, 0% used [0x00000000de100000,0x00000000de100000,0x00000000de600000)
 ParOldGen       total 86016K, used 3169K [0x0000000082200000, 0x0000000087600000, 0x00000000d6100000)
  object space 86016K, 3% used [0x0000000082200000,0x0000000082518728,0x0000000087600000)
 Metaspace       used 20722K, capacity 21154K, committed 21248K, reserved 1067008K
  class space    used 2585K, capacity 2734K, committed 2816K, reserved 1048576K
Event: 164.869 GC heap after
Heap after GC invocations=5 (full 0):
 PSYoungGen      total 136192K, used 5092K [0x00000000d6100000, 0x00000000e7300000, 0x0000000100000000)
  eden space 131072K, 0% used [0x00000000d6100000,0x00000000d6100000,0x00000000de100000)
  from space 5120K, 99% used [0x00000000de100000,0x00000000de5f9330,0x00000000de600000)
  to   space 9216K, 0% used [0x00000000e6a00000,0x00000000e6a00000,0x00000000e7300000)
 ParOldGen       total 86016K, used 4492K [0x0000000082200000, 0x0000000087600000, 0x00000000d6100000)
  object space 86016K, 5% used [0x0000000082200000,0x0000000082663288,0x0000000087600000)
 Metaspace       used 20722K, capacity 21154K, committed 21248K, reserved 1067008K
  class space    used 2585K, capacity 2734K, committed 2816K, reserved 1048576K
}
Event: 164.869 GC heap before
{Heap before GC invocations=6 (full 1):
 PSYoungGen      total 136192K, used 5092K [0x00000000d6100000, 0x00000000e7300000, 0x0000000100000000)
  eden space 131072K, 0% used [0x00000000d6100000,0x00000000d6100000,0x00000000de100000)
  from space 5120K, 99% used [0x00000000de100000,0x00000000de5f9330,0x00000000de600000)
  to   space 9216K, 0% used [0x00000000e6a00000,0x00000000e6a00000,0x00000000e7300000)
 ParOldGen       total 86016K, used 4492K [0x0000000082200000, 0x0000000087600000, 0x00000000d6100000)
  object space 86016K, 5% used [0x0000000082200000,0x0000000082663288,0x0000000087600000)
 Metaspace       used 20722K, capacity 21154K, committed 21248K, reserved 1067008K
  class space    used 2585K, capacity 2734K, committed 2816K, reserved 1048576K
Event: 171.479 GC heap after
Heap after GC invocations=6 (full 1):
 PSYoungGen      total 136192K, used 0K [0x00000000d6100000, 0x00000000e7300000, 0x0000000100000000)
  eden space 131072K, 0% used [0x00000000d6100000,0x00000000d6100000,0x00000000de100000)
  from space 5120K, 0% used [0x00000000de100000,0x00000000de100000,0x00000000de600000)
  to   space 9216K, 0% used [0x00000000e6a00000,0x00000000e6a00000,0x00000000e7300000)
 ParOldGen       total 52224K, used 6267K [0x0000000082200000, 0x0000000085500000, 0x00000000d6100000)
  object space 52224K, 12% used [0x0000000082200000,0x000000008281ec08,0x0000000085500000)
 Metaspace       used 20722K, capacity 21154K, committed 21248K, reserved 1067008K
  class space    used 2585K, capacity 2734K, committed 2816K, reserved 1048576K
}
Event: 227.674 GC heap before
{Heap before GC invocations=7 (full 1):
 PSYoungGen      total 136192K, used 131053K [0x00000000d6100000, 0x00000000e7300000, 0x0000000100000000)
  eden space 131072K, 99% used [0x00000000d6100000,0x00000000de0fb620,0x00000000de100000)
  from space 5120K, 0% used [0x00000000de100000,0x00000000de100000,0x00000000de600000)
  to   space 9216K, 0% used [0x00000000e6a00000,0x00000000e6a00000,0x00000000e7300000)
 ParOldGen       total 52224K, used 6267K [0x0000000082200000, 0x0000000085500000, 0x00000000d6100000)
  object space 52224K, 12% used [0x0000000082200000,0x000000008281ec08,0x0000000085500000)
 Metaspace       used 25450K, capacity 26112K, committed 26240K, reserved 1073152K
  class space    used 3202K, capacity 3416K, committed 3456K, reserved 1048576K
Event: 227.800 GC heap after
Heap after GC invocations=7 (full 1):
 PSYoungGen      total 218624K, used 6969K [0x00000000d6100000, 0x00000000e7100000, 0x0000000100000000)
  eden space 211456K, 0% used [0x00000000d6100000,0x00000000d6100000,0x00000000e2f80000)
  from space 7168K, 97% used [0x00000000e6a00000,0x00000000e70ce690,0x00000000e7100000)
  to   space 9216K, 0% used [0x00000000e5f00000,0x00000000e5f00000,0x00000000e6800000)
 ParOldGen       total 52224K, used 6275K [0x0000000082200000, 0x0000000085500000, 0x00000000d6100000)
  object space 52224K, 12% used [0x0000000082200000,0x0000000082820c08,0x0000000085500000)
 Metaspace       used 25450K, capacity 26112K, committed 26240K, reserved 1073152K
  class space    used 3202K, capacity 3416K, committed 3456K, reserved 1048576K
}

